;  LST file generated by mikroListExporter - v.2.0 
; Date/Time: 24-Nov-17 10:42:52 PM
;----------------------------------------------

;Address Opcode 	ASM
0x0000	0x004C940C  	JMP        _main
0x0004	0x0000940C  	JMP        0
0x0008	0x0000940C  	JMP        0
0x000C	0x0000940C  	JMP        0
0x0010	0x0000940C  	JMP        0
0x0014	0x0000940C  	JMP        0
0x0018	0x0000940C  	JMP        0
0x001C	0x0000940C  	JMP        0
0x0020	0x0000940C  	JMP        0
0x0024	0x0000940C  	JMP        0
0x0028	0x0000940C  	JMP        0
0x002C	0x0000940C  	JMP        0
0x0030	0x0000940C  	JMP        0
0x0034	0x0000940C  	JMP        0
0x0038	0x0000940C  	JMP        0
0x003C	0x0000940C  	JMP        0
0x0040	0x0000940C  	JMP        0
0x0044	0x0000940C  	JMP        0
0x0048	0x0000940C  	JMP        0
0x004C	0x0000940C  	JMP        0
0x0050	0x0000940C  	JMP        0
0x0054	0x0000940C  	JMP        0
0x0058	0x0000940C  	JMP        0
0x005C	0x0000940C  	JMP        0
0x0060	0x0000940C  	JMP        0
0x0064	0x0000940C  	JMP        0
0x0068	0x0000940C  	JMP        0
0x006C	0x0000940C  	JMP        0
0x0070	0x0000940C  	JMP        0
0x0074	0x0000940C  	JMP        0
0x0078	0x0000940C  	JMP        0
0x007C	0x0000940C  	JMP        0
0x0080	0x0000940C  	JMP        0
0x0084	0x0000940C  	JMP        0
0x0088	0x0000940C  	JMP        0
_main:
0x0098	0xEFBF    	LDI        R27, 255
0x009A	0xBFBD    	OUT        SPL+0, R27
0x009C	0xE1B0    	LDI        R27, 16
0x009E	0xBFBE    	OUT        SPL+1, R27
0x00A0	0x00EA940E  	CALL       234
0x00A4	0xB7CD    	IN         R28, SPL+0
0x00A6	0xB7DE    	IN         R29, SPL+1
0x00A8	0x9726    	SBIW       R28, 6
0x00AA	0xBFCD    	OUT        SPL+0, R28
0x00AC	0xBFDE    	OUT        SPL+1, R29
0x00AE	0x9621    	ADIW       R28, 1
;ProjectTest.c,2 :: 		int main(void)
;ProjectTest.c,4 :: 		DDRB = 0xFF;
0x00B0	0xEFBF    	LDI        R27, 255
0x00B2	0xBBB7    	OUT        DDRB+0, R27
;ProjectTest.c,5 :: 		DDRA = 0;
0x00B4	0xE0B0    	LDI        R27, 0
0x00B6	0xBBBA    	OUT        DDRA+0, R27
;ProjectTest.c,6 :: 		DDRD = 0xFF;
0x00B8	0xEFBF    	LDI        R27, 255
0x00BA	0xBBB1    	OUT        DDRD+0, R27
;ProjectTest.c,7 :: 		DDRE = 0xFF;
0x00BC	0xEFBF    	LDI        R27, 255
0x00BE	0xB9B2    	OUT        DDRE+0, R27
;ProjectTest.c,8 :: 		DDRC = 0xFF;
0x00C0	0xEFBF    	LDI        R27, 255
0x00C2	0xBBB4    	OUT        DDRC+0, R27
;ProjectTest.c,9 :: 		ADCSRA = 0x87;
0x00C4	0xE8B7    	LDI        R27, 135
0x00C6	0xB9B6    	OUT        ADCSRA+0, R27
;ProjectTest.c,10 :: 		ADMUX = 0xC0;
0x00C8	0xECB0    	LDI        R27, 192
0x00CA	0xB9B7    	OUT        ADMUX+0, R27
;ProjectTest.c,12 :: 		while(1)
L_main0:
;ProjectTest.c,14 :: 		if(PINA&0x10)
0x00CC	0xB309    	IN         R16, PINA+0
0x00CE	0xFF04    	SBRS       R16, 4
0x00D0	0xC018    	RJMP       L_main2
;ProjectTest.c,16 :: 		if(count>0){
0x00D2	0x01009120  	LDS        R18, _count+0
0x00D6	0x01019130  	LDS        R19, _count+1
0x00DA	0xE000    	LDI        R16, 0
0x00DC	0xE010    	LDI        R17, 0
0x00DE	0x1702    	CP         R16, R18
0x00E0	0x0713    	CPC        R17, R19
0x00E2	0xF464    	BRGE       L_main3
L__main21:
;ProjectTest.c,17 :: 		PORTE=0x02;
0x00E4	0xE0B2    	LDI        R27, 2
0x00E6	0xB9B3    	OUT        PORTE+0, R27
;ProjectTest.c,18 :: 		count--;
0x00E8	0x01009100  	LDS        R16, _count+0
0x00EC	0x01019110  	LDS        R17, _count+1
0x00F0	0x5001    	SUBI       R16, 1
0x00F2	0x4010    	SBCI       R17, 0
0x00F4	0x01009300  	STS        _count+0, R16
0x00F8	0x01019310  	STS        _count+1, R17
;ProjectTest.c,19 :: 		}
L_main3:
;ProjectTest.c,20 :: 		PORTE=0x00;
0x00FC	0xE0B0    	LDI        R27, 0
0x00FE	0xB9B3    	OUT        PORTE+0, R27
;ProjectTest.c,22 :: 		}
0x0100	0xC064    	RJMP       L_main4
L_main2:
;ProjectTest.c,24 :: 		int tmp = 0;
0x0102	0xE0B0    	LDI        R27, 0
0x0104	0x83B8    	STD        Y+0, R27
0x0106	0x83B9    	STD        Y+1, R27
0x0108	0xE0B0    	LDI        R27, 0
0x010A	0x83BA    	STD        Y+2, R27
0x010C	0x83BB    	STD        Y+3, R27
0x010E	0xE0B0    	LDI        R27, 0
0x0110	0x83BC    	STD        Y+4, R27
0x0112	0x83BD    	STD        Y+5, R27
;ProjectTest.c,25 :: 		int PIR = 0;
;ProjectTest.c,26 :: 		int CO = 0;
;ProjectTest.c,27 :: 		ADCSRA|=(1<<ADSC);
0x0114	0xB1B6    	IN         R27, ADCSRA+0
0x0116	0x64B0    	SBR        R27, 64
0x0118	0xB9B6    	OUT        ADCSRA+0, R27
;ProjectTest.c,28 :: 		while((ADCSRA&(1<<ADIF))==0);
L_main5:
0x011A	0xB106    	IN         R16, ADCSRA+0
0x011C	0x7100    	ANDI       R16, 16
0x011E	0x3000    	CPI        R16, 0
0x0120	0xF409    	BRNE       L_main6
L__main22:
0x0122	0xCFFB    	RJMP       L_main5
L_main6:
;ProjectTest.c,29 :: 		PORTD =ADCL;
0x0124	0xB104    	IN         R16, ADCL+0
0x0126	0xBB02    	OUT        PORTD+0, R16
;ProjectTest.c,30 :: 		PORTB =ADCH;
0x0128	0xB105    	IN         R16, ADCH+0
0x012A	0xBB08    	OUT        PORTB+0, R16
;ProjectTest.c,31 :: 		if(PORTD >= 0x81 ){ tmp = 1;  }
0x012C	0xB302    	IN         R16, PORTD+0
0x012E	0x3801    	CPI        R16, 129
0x0130	0xF020    	BRLO       L_main7
L__main23:
0x0132	0xE0B1    	LDI        R27, 1
0x0134	0x83B8    	STD        Y+0, R27
0x0136	0xE0B0    	LDI        R27, 0
0x0138	0x83B9    	STD        Y+1, R27
L_main7:
;ProjectTest.c,32 :: 		if(PINA == 0x01 ){ CO =1  ;   }
0x013A	0xB309    	IN         R16, PINA+0
0x013C	0x3001    	CPI        R16, 1
0x013E	0xF421    	BRNE       L_main8
L__main24:
0x0140	0xE0B1    	LDI        R27, 1
0x0142	0x83BC    	STD        Y+4, R27
0x0144	0xE0B0    	LDI        R27, 0
0x0146	0x83BD    	STD        Y+5, R27
L_main8:
;ProjectTest.c,33 :: 		if(PINA == 0x02 ){ PIR =1;   }
0x0148	0xB309    	IN         R16, PINA+0
0x014A	0x3002    	CPI        R16, 2
0x014C	0xF421    	BRNE       L_main9
L__main25:
0x014E	0xE0B1    	LDI        R27, 1
0x0150	0x83BA    	STD        Y+2, R27
0x0152	0xE0B0    	LDI        R27, 0
0x0154	0x83BB    	STD        Y+3, R27
L_main9:
;ProjectTest.c,34 :: 		if(PINA == 0x03 ){ CO =1; PIR =1;   }
0x0156	0xB309    	IN         R16, PINA+0
0x0158	0x3003    	CPI        R16, 3
0x015A	0xF441    	BRNE       L_main10
L__main26:
0x015C	0xE0B1    	LDI        R27, 1
0x015E	0x83BC    	STD        Y+4, R27
0x0160	0xE0B0    	LDI        R27, 0
0x0162	0x83BD    	STD        Y+5, R27
0x0164	0xE0B1    	LDI        R27, 1
0x0166	0x83BA    	STD        Y+2, R27
0x0168	0xE0B0    	LDI        R27, 0
0x016A	0x83BB    	STD        Y+3, R27
L_main10:
;ProjectTest.c,35 :: 		if  (tmp+CO+PIR > 0 && count < 100)
0x016C	0x8128    	LDD        R18, Y+0
0x016E	0x8139    	LDD        R19, Y+1
0x0170	0x810C    	LDD        R16, Y+4
0x0172	0x811D    	LDD        R17, Y+5
0x0174	0x0F20    	ADD        R18, R16
0x0176	0x1F31    	ADC        R19, R17
0x0178	0x810A    	LDD        R16, Y+2
0x017A	0x811B    	LDD        R17, Y+3
0x017C	0x0F20    	ADD        R18, R16
0x017E	0x1F31    	ADC        R19, R17
0x0180	0xE000    	LDI        R16, 0
0x0182	0xE010    	LDI        R17, 0
0x0184	0x1702    	CP         R16, R18
0x0186	0x0713    	CPC        R17, R19
0x0188	0xF4F4    	BRGE       L__main19
L__main27:
0x018A	0x01009120  	LDS        R18, _count+0
0x018E	0x01019130  	LDS        R19, _count+1
0x0192	0xE604    	LDI        R16, 100
0x0194	0xE010    	LDI        R17, 0
0x0196	0x1720    	CP         R18, R16
0x0198	0x0731    	CPC        R19, R17
0x019A	0xF4AC    	BRGE       L__main18
L__main28:
L__main17:
;ProjectTest.c,37 :: 		if(PIR)          PORTE=0x0D;
0x019C	0x810A    	LDD        R16, Y+2
0x019E	0x811B    	LDD        R17, Y+3
0x01A0	0x2FB0    	MOV        R27, R16
0x01A2	0x2BB1    	OR         R27, R17
0x01A4	0xF019    	BREQ       L_main14
L__main29:
0x01A6	0xE0BD    	LDI        R27, 13
0x01A8	0xB9B3    	OUT        PORTE+0, R27
0x01AA	0xC002    	RJMP       L_main15
L_main14:
;ProjectTest.c,38 :: 		else             PORTE=0x05;
0x01AC	0xE0B5    	LDI        R27, 5
0x01AE	0xB9B3    	OUT        PORTE+0, R27
L_main15:
;ProjectTest.c,39 :: 		count++;
0x01B0	0x01009100  	LDS        R16, _count+0
0x01B4	0x01019110  	LDS        R17, _count+1
0x01B8	0x5F0F    	SUBI       R16, 255
0x01BA	0x4F1F    	SBCI       R17, 255
0x01BC	0x01009300  	STS        _count+0, R16
0x01C0	0x01019310  	STS        _count+1, R17
;ProjectTest.c,40 :: 		}
0x01C4	0xC002    	RJMP       L_main16
;ProjectTest.c,35 :: 		if  (tmp+CO+PIR > 0 && count < 100)
L__main19:
L__main18:
;ProjectTest.c,43 :: 		PORTE = 0x00;
0x01C6	0xE0B0    	LDI        R27, 0
0x01C8	0xB9B3    	OUT        PORTE+0, R27
;ProjectTest.c,44 :: 		}
L_main16:
;ProjectTest.c,45 :: 		}
L_main4:
;ProjectTest.c,46 :: 		PORTC = count;
0x01CA	0x01009100  	LDS        R16, _count+0
0x01CE	0xBB05    	OUT        PORTC+0, R16
;ProjectTest.c,47 :: 		}
0x01D0	0xCF7D    	RJMP       L_main0
;ProjectTest.c,49 :: 		}
L_end_main:
L__main_end_loop:
0x01D2	0xCFFF    	RJMP       L__main_end_loop
; end of _main
___CC2DW:
;__Lib_System.c,25 :: 		
;__Lib_System.c,27 :: 		
L_loopDW:
;__Lib_System.c,28 :: 		
0x008E	0x9005    	LPM        R0, Z+
;__Lib_System.c,29 :: 		
0x0090	0x920D    	ST         X+, R0
;__Lib_System.c,30 :: 		
0x0092	0x9701    	SBIW       R24, 1
;__Lib_System.c,31 :: 		
0x0094	0xF7E1    	BRNE       L_loopDW
;__Lib_System.c,33 :: 		
L_end___CC2DW:
0x0096	0x9508    	RET
; end of ___CC2DW
0x01D4	0xE0A0    	LDI        R26, 0
0x01D6	0xE0B1    	LDI        R27, 1
0x01D8	0xE8EC    	LDI        R30, 140
0x01DA	0xE0F0    	LDI        R31, 0
0x01DC	0xE082    	LDI        R24, 2
0x01DE	0xE090    	LDI        R25, 0
0x01E0	0x0047940E  	CALL       ___CC2DW
0x01E4	0x9508    	RET
;ProjectTest.c,0 :: ?ICS_count
0x008C	0x0000 ;?ICS_count+0
; end of ?ICS_count
Symbol List:
//** Routines locations **
//ADDRESS    SIZE    PROCEDURE
//----------------------------------------------
0x0047       [5]    ___CC2DW
0x004C     [158]    _main
//** Variables locations ** 
//ADDRESS    SIZE    VARIABLE
//----------------------------------------------
0x0000       [1]    Delay_Cyc_loc_L0
0x0000       [1]    R0
0x0001       [1]    R1
0x0002       [4]    FARG___Lib_T6963C__T6963C_getHeader_offset
0x0002       [1]    FARG___Lib_SPIGlcd__SPI_Glcd_Write_Char_Adv_ch
0x0002       [2]    FARG_SPI_Glcd_Set_Ext_Buffer_getExtDataPtr
0x0002       [2]    FARG_TFT_V_Line_y_start
0x0002       [2]    FARG_TFT_H_Line_x_start
0x0002       [4]    FARG_SPI_Glcd_Set_Ext_Font_Adv_activeFont
0x0002       [4]    FARG_SPI_Glcd_Set_Font_Adv_activeFont
0x0002       [2]    FARG___Lib_TFT_TFT_PartialImage1bppE_left
0x0002       [2]    FARG___Lib_TFT_TFT_Image8bppE_left
0x0002       [2]    FARG_TFT_Dot_x
0x0002       [2]    FARG_TFT_Move_Cursor__x
0x0002       [2]    FARG_TFT_Ext_Image_left
0x0002       [2]    FARG_SPI_T6963C_PartialImage_x_left
0x0002       [2]    FARG___Lib_TFT_JPEG_ToSignedCharRange_x
0x0002       [4]    FARG___Lib_SPIGlcd__SPI_Glcd_getHeader_offset
0x0002       [2]    FARG___Lib_TFT__TFT_Get_Char_Width_ch
0x0002       [2]    FARG_SPI_T6963C_line_x0
0x0002       [1]    FARG_SPI_T6963C_set_cursor_x
0x0002       [2]    FARG_TFT_Ext_Partial_Image_left
0x0002       [2]    FARG_TFT_Write_Char_ch
0x0002       [2]    FARG___Lib_TFT__TFT_Circle_Fill_x_center
0x0002       [2]    FARG___Lib_SPIGlcd__SPI_Glcd_Get_Char_Width_ch
0x0002       [2]    FARG_SPI_T6963C_dot_x
0x0002       [2]    FARG___Lib_TFT__TFT_Get_Char_WidthE_ch
0x0002       [2]    FARG_SPI_T6963C_write_text_str
0x0002       [2]    FARG_TFT_Fill_Screen_color
0x0002       [1]    FARG_SPI_T6963C_write_char_c
0x0002       [1]    FARG_SPI_Glcd_Write_Char_Adv_ch
0x0002       [4]    FARG_SPI_Glcd_Write_Const_Text_Return_Pos_ctext
0x0002       [2]    FARG_T6963C_init_width
0x0002       [2]    FARG_TFT_Write_Text_text
0x0002       [2]    FARG___Lib_TFT_TFT_Image16bpp_left
0x0002       [1]    FARG_SPI_T6963C_fill_v
0x0002       [2]    FARG_SPI_Glcd_Write_Text_Return_Pos_text
0x0002       [4]    FARG_SPI_T6963C_image_pic
0x0002       [1]    FARG_SPI_T6963C_sprite_px
0x0002       [2]    FARG___Lib_SPIGlcd__SPI_Glcd_Get_Char_WidthE_ch
0x0002       [2]    FARG___Lib_TFT_TFT_PartialImage4bpp_left
0x0002       [2]    FARG___Lib_SPIGlcd_SPI_Glcd_Move_Cursor__x
0x0002       [2]    FARG___Lib_TFT_TFT_Image1bppE_left
0x0002       [2]    FARG_T6963C_PartialImage_x_left
0x0002       [2]    FARG_SPI_T6963C_rectangle_x0
0x0002       [2]    FARG_TFT_Image_left
0x0002       [1]    FARG_SPI_T6963C_negBit_b
0x0002       [2]    FARG_SPI_T6963C_box_x0
0x0002       [2]    FARG___Lib_TFT_JPEG_ToCharRange_x
0x0002       [1]    FARG_SPI_T6963C_writeData_data_
0x0002       [1]    FARG_SPI_T6963C_setBit_b
0x0002       [2]    FARG_SPI_T6963C_Config_width
0x0002       [2]    FARG_SPI_T6963C_Set_Ext_Buffer_getExtDataPtr
0x0002       [2]    FARG_T6963C_Circle_Fill_x_center
0x0002       [4]    FARG_SPI_Glcd_Ext_Image_image
0x0002       [1]    FARG_SPI_T6963C_clearBit_b
0x0002       [2]    FARG___Lib_TFT_TFT_PartialImage8bpp_left
0x0002       [2]    FARG_SPI_Glcd_Write_Text_Adv_text
0x0002       [2]    FARG___Lib_TFT_JPEG_InverseDCT_inbuf
0x0002       [2]    FARG_SPI_T6963C_setPtr_p
0x0002       [4]    FARG_SPI_T6963C_Write_Const_Text_str
0x0002       [2]    FARG_T6963C_Rectangle_Round_Edges_x_upper_left
0x0002       [2]    FARG_SPI_T6963C_Circle_x_center
0x0002       [2]    FARG___Lib_TFT__TFT_Write_Char_ch
0x0002       [2]    FARG_T6963C_Rectangle_Round_Edges_Fill_x_upper_left
0x0002       [1]    FARG_SPI_T6963C_writeCommand_data_
0x0002       [2]    FARG_TFT_Line_x1
0x0002       [2]    FARG___Lib_SPIGlcd__SPI_Glcd_Write_Char_AdvE_ch
0x0002       [2]    FARG___Lib_TFT_TFT_Image4bppE_left
0x0002       [4]    FARG_SPI_Glcd_Write_Const_Text_Adv_ctext
0x0002       [2]    FARG_SPI_Glcd_Circle_x_center
0x0002       [1]    FARG_SPI_Glcd_V_Line_y_start
0x0002       [1]    FARG___Lib_SPIT6963C__SPI_T6963C_Write_Char_Adv_ch
0x0002       [4]    FARG_SPI_T6963C_Set_Ext_Font_Adv_activeFont
0x0002       [1]    FARG_SPI_Lcd_Config_DeviceAddress
0x0002       [2]    FARG_TP_Get_Calibration_Consts_x_min
0x0002       [4]    FARG_SPI_T6963C_Write_Const_Text_Return_Pos_text
0x0002       [4]    FARG___Lib_TFT__TFT_getHeader_offset
0x0002       [1]    FARG_SPI_Lcd_Chr_Row
0x0002       [2]    FARG_SPI_T6963C_Write_Text_Return_Pos_text
0x0002       [2]    FARG_SPI_Lcd_Out_CP_text
0x0002       [1]    FARG_SPI_Glcd_H_Line_x_start
0x0002       [1]    FARG_SPI_Lcd_Chr_CP_Out_Char
0x0002       [2]    FARG_TFT_Circle_x_center
0x0002       [2]    FARG_SPI_Glcd_Circle_Fill_x_center
0x0002       [2]    FARG___Lib_SPIT6963C__SPI_T6963C_Get_Char_WidthE_ch
0x0002       [4]    FARG_T6963C_Ext_Image_pic
0x0002       [2]    FARG___Lib_TFT__TFT_Write_Char_E_ch
0x0002       [2]    FARG___Lib_TFT_TFT_PartialImage16bpp_left
0x0002       [4]    FARG___Lib_SPIT6963C__SPI_T6963C_getHeader_offset
0x0002       [4]    FARG_TFT_Set_Ext_Font_activeFont
0x0002       [1]    FARG_SPI_Lcd_Out_row
0x0002       [4]    FARG_SPI_T6963C_Set_Font_Adv_activeFont
0x0002       [2]    FARG_TP_Set_Calibration_Consts_x_min
0x0002       [2]    FARG___Lib_TFT_TFT_PartialImage8bppE_left
0x0002       [2]    FARG_T6963C_Ext_PartialImage_x_left
0x0002       [2]    FARG_TP_TFT_Get_Calibration_Consts_x_min
0x0002       [1]    FARG_SPI_Glcd_Init_DeviceAddress
0x0002       [2]    FARG_TP_Init_display_width
0x0002       [1]    FARG_SPI_Glcd_Fill_pattern
0x0002       [2]    FARG___Lib_TFT_JPEG_FileReadBytes_buffer
0x0002       [1]    FARG_SPI_Glcd_Write_Char_chr1
0x0002       [4]    FARG_SPI_Glcd_Set_Font_activeFont
0x0002       [2]    FARG_TP_Set_ADC_Threshold_threshold
0x0002       [2]    FARG___Lib_TFT_TFT_PartialImage16bppE_left
0x0002       [1]    FARG_SPI_Glcd_Set_Side_x_pos
0x0002       [1]    FARG_SPI_Glcd_Set_Page_page
0x0002       [1]    FARG_SPI_Glcd_Write_Data_data_
0x0002       [1]    FARG_SPI_Glcd_Set_X_x_pos
0x0002       [2]    FARG___Lib_TFT_JPEG_FileRead_buffer
0x0002       [1]    FARG_SPI_Glcd_Dot_x_pos
0x0002       [2]    FARG_TFT_Partial_Image_left
0x0002       [4]    FARG_SPI_Glcd_Write_Const_Text_ctext
0x0002       [2]    FARG_SPI_Glcd_Line_x_start
0x0002       [2]    FARG___Lib_SPIT6963C_SPI_T6963C_Move_Cursor__x
0x0002       [1]    FARG_SPI_Lcd_Cmd_out_char
0x0002       [2]    FARG_TFT_Set_Ext_Buffer_getExtDataPtr
0x0002       [2]    FARG_TP_Get_Coordinates_x_coordinate
0x0002       [2]    FARG___Lib_SPIT6963C__SPI_T6963C_Write_Char_AdvE_ch
0x0002       [1]    R2
0x0002       [2]    FARG_TP_TFT_Set_Calibration_Consts_x_min
0x0002       [2]    FARG_TFT_Image_Jpeg_left
0x0002       [2]    FARG_SPI_Glcd_Write_Text_text
0x0002       [4]    FARG_T6963C_Write_Const_Text_Adv_text
0x0002       [1]    FARG___Lib_TFT_JPEG_GetNBitsValue_N
0x0002       [2]    FARG_TFT_Rectangle_Round_Edges_x_upper_left
0x0002       [2]    FARG___Lib_TFT_TFT_PartialImage4bppE_left
0x0002       [1]    FARG___Lib_T6963C__T6963C_Write_Char_Adv_ch
0x0002       [4]    FARG_TFT_Set_Font_activeFont
0x0002       [2]    FARG_SPI_Glcd_PartialImage_x_left
0x0002       [1]    FARG_TP_TFT_Rotate_180_rotate
0x0002       [2]    FARG_TP_TFT_Init_display_width
0x0002       [2]    FARG___Lib_TFT_TFT_Image16bppE_left
0x0002       [2]    FARG_SPI_Lcd8_Out_CP_text
0x0002       [2]    FARG_SPI_T6963C_Rectangle_Round_Edges_Fill_x_upper_left
0x0002       [2]    FARG_TFT_Set_Pen_pen_color
0x0002       [2]    FARG___Lib_TFT_TFT_PartialImage1bpp_left
0x0002       [2]    FARG___Lib_TFT_JPEG_DrawBlock_left
0x0002       [2]    FARG___Lib_TFT_TFT_GetCurrentColor_start_color
0x0002       [4]    FARG_SPI_T6963C_Ext_Image_pic
0x0002       [2]    FARG_SPI_T6963C_Ext_PartialImage_x_left
0x0002       [2]    FARG_SPI_Glcd_Ext_PartialImage_x_left
0x0002       [2]    FARG_SPI_T6963C_Rectangle_Round_Edges_x_upper_left
0x0002       [2]    FARG_TFT_Color16bitToRGB_color
0x0002       [4]    FARG_T6963C_Set_Font_Adv_activeFont
0x0002       [1]    FARG_TFT_Set_Brush_brush_enabled
0x0002       [4]    FARG_T6963C_Set_Ext_Font_Adv_activeFont
0x0002       [1]    FARG_TFT_RGBToColor16bit_rgb_red
0x0002       [4]    FARG___Lib_TFT_JPEG_UnscaleValue_x
0x0002       [2]    FARG_TP_TFT_Set_ADC_Threshold_threshold
0x0002       [2]    FARG___Lib_T6963C__T6963C_Write_Char_AdvE_ch
0x0002       [1]    FARG_SPI_Lcd8_Cmd_out_char
0x0002       [1]    FARG_SPI_T6963C_Write_Char_Adv_ch
0x0002       [2]    FARG_SPI_T6963C_Circle_Fill_x_center
0x0002       [2]    FARG_TP_TFT_Get_Coordinates_x_coordinate
0x0002       [1]    FARG_SPI_Glcd_Rectangle_x_upper_left
0x0002       [2]    FARG___Lib_T6963C__T6963C_Get_Char_WidthE_ch
0x0002       [2]    FARG___Lib_T6963C__T6963C_Get_Char_Width_ch
0x0002       [2]    FARG_T6963C_Write_Text_Adv_text
0x0002       [1]    FARG___Lib_TFT_JPEG_GetNBits_N
0x0002       [2]    FARG___Lib_SPIT6963C__SPI_T6963C_Get_Char_Width_ch
0x0002       [2]    FARG_TFT_Set_Active_Set_Index_Ptr
0x0002       [1]    FARG_T6963C_Write_Char_Adv_ch
0x0002       [4]    FARG_SPI_Glcd_Image_image
0x0002       [2]    FARG_SPI_T6963C_Write_Text_Adv_text
0x0002       [1]    FARG_SPI_Lcd8_Config_DeviceAddress
0x0002       [2]    FARG_TFT_Rectangle_x_upper_left
0x0002       [4]    FARG_SPI_T6963C_Write_Const_Text_Adv_text
0x0002       [1]    FARG_SPI_Glcd_Rectangle_Round_Edges_Fill_x_upper_left
0x0002       [1]    FARG_SPI_Lcd8_Out_row
0x0002       [1]    FARG_SPI_Lcd8_Chr_CP_out_char
0x0002       [1]    FARG_SPI_Lcd8_Chr_row
0x0002       [4]    FARG_T6963C_Write_Const_Text_Return_Pos_text
0x0002       [1]    FARG_SPI_Glcd_Box_x_upper_left
0x0002       [2]    FARG___Lib_T6963C_T6963C_Move_Cursor__x
0x0002       [2]    FARG_T6963C_Write_Text_Return_Pos_text
0x0002       [1]    FARG_SPI_Glcd_Rectangle_Round_Edges_x_upper_left
0x0002       [4]    FARG_sqrt_x
0x0002       [1]    FARG_Glcd_Write_Char_Adv_ch
0x0002       [2]    FARG_Mmc_Multi_Read_Sector_dbuff
0x0002       [1]    FARG_Expander_Set_PullUpsPortB_ModuleAddress
0x0002       [1]    FARG_Expander_Set_PullUpsPortAB_ModuleAddress
0x0002       [2]    FARG_Time_dateDiff_t1
0x0002       [2]    FARG_strtok_s1
0x0002       [4]    FARG_ldiv_number
0x0002       [1]    FARG_RS485Slave_Init_slave_address
0x0002       [4]    FARG_S1D13700_Write_Const_Text_str
0x0002       [4]    FARG_uldiv_number
0x0002       [2]    FARG_sinE3_angle_deg
0x0002       [4]    FARG_S1D13700_Set_Font_Adv_activeFont
0x0002       [4]    FARG_labs_x
0x0002       [1]    FARG_Expander_Set_DirectionPortB_ModuleAddress
0x0002       [1]    FARG_Expander_Set_PullUpsPortA_ModuleAddress
0x0002       [1]    FARG_Glcd_H_Line_x_start
0x0002       [4]    FARG___Lib_S1D13700__S1D13700_getHeader_offset
0x0002       [1]    FARG_Expander_Set_DirectionPortAB_ModuleAddress
0x0002       [4]    FARG_Time_epochToDate_e
0x0002       [4]    FARG_LongIntToStrWithZeros_input
0x0002       [1]    FARG___Lib_CANSPI_CANSPIIDToRegs_ptr
0x0002       [1]    FARG_Bcd2Dec_bcdnum
0x0002       [1]    FARG_Dec2Bcd_decnum
0x0002       [4]    FARG_atan_f
0x0002       [2]    FARG_div_number
0x0002       [1]    FARG_CANSPISetBaudRate_SJW
0x0002       [4]    FARG_LongToStr_input
0x0002       [1]    FARG_CANSPISetOperationMode_mode
0x0002       [2]    FARG_RS485Slave_Receive_data_buffer
0x0002       [4]    FARG_FloatToStr_fnum
0x0002       [2]    FARG_Ltrim_string
0x0002       [2]    FARG_S1D13700_Write_Text_str
0x0002       [2]    FARG_Time_dateToEpoch_ts
0x0002       [2]    FARG_Rtrim_string
0x0002       [2]    FARG_Bcd2Dec16_bcdnum
0x0002       [1]    FARG_S1D13700_Write_Char_c
0x0002       [2]    FARG_Dec2Bcd16_decnum
0x0002       [2]    FARG_Glcd_Line_x_start
0x0002       [4]    FARG_Mmc_Read_Sector_sector
0x0002       [1]    FARG_Expander_Init_ModuleAddress
0x0002       [1]    FARG___Lib_Mmc_Mmc_UnIdle_ctype
0x0002       [2]    FARG_UART_Read_Text_Output
0x0002       [2]    FARG_Expander_Init_Advanced_rstPort
0x0002       [1]    FARG_Expander_Read_Byte_ModuleAddress
0x0002       [2]    FARG___Lib_S1D13700__S1D13700_Write_Char_Return_Pos_ch
0x0002       [4]    FARG_modf_val
0x0002       [4]    FARG_Mmc_Write_Sector_sector
0x0002       [2]    FARG___Lib_S1D13700__S1D13700_Write_Char_Return_PosE_ch
0x0002       [2]    FARG_VDelay_ms_Time_ms
0x0002       [1]    FARG_Delay_Cyc_cycles_div_by_10
0x0002       [2]    FARG_VDelay_Advanced_ms_Time_ms
0x0002       [2]    FARG_S1D13700_Write_Text_Return_Pos_text
0x0002       [1]    FARG___Lib_Mmc_Mmc_Send_Command_partial_cmm
0x0002       [1]    FARG_UART_Write__data
0x0002       [2]    FARG_UART_Write_Text_uart_text
0x0002       [2]    FARG___Lib_S1D13700_S1D13700_Move_Cursor__x
0x0002       [2]    FARG_Glcd_Circle_x_center
0x0002       [2]    FARG_S1D13700_Rectangle_Round_Edges_x_upper_left
0x0002       [2]    FARG_cosE3_angle_deg
0x0002       [1]    FARG___Lib_S1D13700__S1D13700_Write_Char_Adv_ch
0x0002       [1]    FARG_Expander_Write_PortA_ModuleAddress
0x0002       [2]    FARG_max_a
0x0002       [1]    FARG_Expander_Write_PortB_ModuleAddress
0x0002       [1]    FARG_Glcd_V_Line_y_start
0x0002       [1]    FARG_Expander_Set_DirectionPortA_ModuleAddress
0x0002       [1]    FARG_Expander_Write_PortAB_ModuleAddress
0x0002       [4]    FARG_S1D13700_Set_Ext_Font_Adv_activeFont
0x0002       [1]    FARG_Expander_Read_PortAB_ModuleAddress
0x0002       [1]    FARG_Expander_Write_Byte_ModuleAddress
0x0002       [2]    FARG_Mmc_Read_Csd_data_for_registers
0x0002       [2]    FARG_Glcd_PartialImage_x_left
0x0002       [2]    FARG_Mmc_Read_Cid_data_for_registers
0x0002       [4]    FARG_Mmc_Multi_Read_Start_sector
0x0002       [2]    FARG___Lib_S1D13700__S1D13700_Write_Char_AdvE_ch
0x0002       [1]    FARG_Expander_Read_PortB_ModuleAddress
0x0002       [1]    FARG_Expander_Read_PortA_ModuleAddress
0x0002       [2]    FARG_Button_port
0x0002       [2]    FARG_RS485Slave_Send_data_buffer
0x0002       [4]    FARG_atan2_y
0x0002       [1]    FARG___Lib_Glcd__Glcd_Write_Char_Adv_ch
0x0002       [2]    FARG_strstr_s1
0x0002       [1]    FARG___Lib_CF_Cf_Set_Reg_Adr_adr
0x0002       [4]    FARG_Cf_Read_Sector_sector_number
0x0002       [2]    FARG_abs_a
0x0002       [1]    FARG_Glcd_Write_Data_ddata
0x0002       [2]    FARG_WordToHex_input
0x0002       [1]    FARG_Glcd_Fill_pattern
0x0002       [2]    FARG_IntToHex_input
0x0002       [4]    FARG_LongWordToHex_input
0x0002       [2]    FARG___Lib_Glcd__Glcd_Write_Char_AdvE_ch
0x0002       [4]    FARG_Cf_Write_Init_address
0x0002       [4]    FARG_LongIntToHex_input
0x0002       [2]    FARG___Lib_Glcd_Glcd_Move_Cursor__x
0x0002       [4]    FARG_Cf_Read_Init_address
0x0002       [2]    FARG_S1D13700_Circle_Fill_x_center
0x0002       [2]    FARG_strrchr_ptr
0x0002       [4]    FARG_Glcd_Set_Font_activeFont
0x0002       [4]    FARG_sin_f
0x0002       [4]    FARG_pow_x
0x0002       [4]    FARG_log10_x
0x0002       [4]    FARG_cosh_x
0x0002       [4]    FARG_sinh_x
0x0002       [4]    FARG_log_x
0x0002       [2]    FARG_atoi_s
0x0002       [4]    FARG_cos_f
0x0002       [4]    FARG_exp_x
0x0002       [4]    FARG_tan_x
0x0002       [4]    FARG_tanh_x
0x0002       [1]    FARG_Glcd_Set_X_x_pos
0x0002       [2]    FARG___Lib_CStdlib_strtod_s
0x0002       [4]    FARG_Cf_Write_Sector_sector_number
0x0002       [2]    FARG_S1D13700_Circle_x_center
0x0002       [1]    FARG_ShortToHex_input
0x0002       [1]    FARG_ByteToHex_input
0x0002       [2]    FARG_atof_s
0x0002       [1]    FARG_Glcd_Set_Side_x_pos
0x0002       [1]    FARG_Glcd_Set_Page_page
0x0002       [4]    FARG___Lib_Glcd__Glcd_getHeader_offset
0x0002       [2]    FARG___Lib_Glcd__Glcd_Get_Char_Width_ch
0x0002       [2]    FARG_IntToStrWithZeros_input
0x0002       [2]    FARG_CANSPIRead_id
0x0002       [2]    FARG_RS485Master_Receive_data_buffer
0x0002       [2]    FARG_Glcd_Write_Text_text
0x0002       [2]    FARG___Lib_Glcd__Glcd_Get_Char_WidthE_ch
0x0002       [1]    FARG_CANSPIInitialize_SJW
0x0002       [2]    FARG_S1D13700_Box_x0
0x0002       [2]    FARG_RS485Master_Send_data_buffer
0x0002       [1]    FARG_CANSPISetMask_CANSPI_MASK
0x0002       [4]    FARG_Glcd_Write_Const_Text_text
0x0002       [1]    FARG_Glcd_Dot_x_pos
0x0002       [4]    FARG_LongWordToStrWithZeros_input
0x0002       [1]    FARG_CANSPISetFilter_CANSPI_FILTER
0x0002       [4]    FARG_LongWordToStr_input
0x0002       [4]    FARG_CANSPIWrite_id
0x0002       [2]    FARG_Glcd_Set_Ext_Buffer_getExtDataPtr
0x0002       [1]    FARG___Lib_CANSPI_RegsToCANSPIID_ptr
0x0002       [2]    FARG_atol_s
0x0002       [4]    FARG_Glcd_Set_Ext_Font_Adv_activeFont
0x0002       [2]    FARG_Glcd_Write_Text_Return_Pos_text
0x0002       [4]    FARG_Glcd_Set_Font_Adv_activeFont
0x0002       [2]    FARG_WordToStr_input
0x0002       [1]    FARG_ByteToStr_input
0x0002       [2]    FARG_S1D13700_Rectangle_Round_Edges_Fill_x_upper_left
0x0002       [1]    FARG_Glcd_Write_Char_chr
0x0002       [1]    FARG_Cf_Write_Byte_data_
0x0002       [2]    FARG___Lib_CF_Cf_Write_Word_data_
0x0002       [4]    FARG_S1D13700_Image_pic
0x0002       [4]    FARG_asin_x
0x0002       [4]    FARG_acos_x
0x0002       [2]    FARG_strncmp_s1
0x0002       [2]    FARG_IntToStr_input
0x0002       [2]    FARG_S1D13700_PartialImage_x_left
0x0002       [2]    FARG_strpbrk_s1
0x0002       [2]    FARG_WordToStrWithZeros_input
0x0002       [4]    FARG_Glcd_Write_Const_Text_Return_Pos_text
0x0002       [1]    FARG_ShortToStr_input
0x0002       [1]    FARG_S1D13700_Fill_d
0x0002       [2]    FARG_S1D13700_Line_x0
0x0002       [1]    FARG_Soft_UART_Write_udata
0x0002       [1]    FARG_Glcd_Rectangle_Round_Edges_x_upper_left
0x0002       [1]    FARG_T6963C_sprite_px
0x0002       [2]    FARG_memcpy_d1
0x0002       [1]    FARG_S1D13700_Write_Command_command
0x0002       [4]    FARG_T6963C_image_pic
0x0002       [1]    FARG_S1D13700_Write_Parameter_parameter
0x0002       [1]    FARG_ADC_Read_channel
0x0002       [1]    FARG_PWM16bit_Init_wave_mode
0x0002       [1]    FARG_S1D13700_GrFill_d
0x0002       [4]    FARG_Glcd_Ext_Image_image
0x0002       [1]    FARG_S1D13700_Display_Cursor_mode
0x0002       [2]    FARG_memmove_to
0x0002       [2]    FARG_strcspn_s1
0x0002       [1]    FARG_T6963C_set_cursor_x
0x0002       [1]    FARG_ADC_Get_Sample_channel
0x0002       [1]    FARG_T6963C_fill_v
0x0002       [1]    FARG_Lcd_Cmd_out_char
0x0002       [2]    FARG_PWM16bit_Change_Duty_duty
0x0002       [2]    FARG_Soft_UART_Init_port
0x0002       [2]    FARG_T6963C_Set_Ext_Buffer_getExtDataPtr
0x0002       [1]    FARG_Lcd_Chr_CP_out_char
0x0002       [2]    FARG___Lib_TFT_TFT_Image4bpp_left
0x0002       [2]    FARG_Lcd_Out_CP_text
0x0002       [1]    FARG_Glcd_Box_x_upper_left
0x0002       [2]    FARG___Lib_TFT_TFT_Image8bpp_left
0x0002       [4]    FARG_Glcd_Write_Const_Text_Adv_ctext
0x0002       [2]    FARG_strlen_s
0x0002       [1]    FARG_ADC_Init_Advanced_reference
0x0002       [1]    FARG_T6963C_writeCommand_mydata
0x0002       [2]    FARG_PWM16bit_Start_timer
0x0002       [1]    FARG_T6963C_writeData_mydata
0x0002       [2]    FARG_memcmp_s1
0x0002       [2]    FARG___Lib_TFT_TFT_Image1bpp_left
0x0002       [2]    FARG_PWM16bit_Stop_timer
0x0002       [1]    FARG_T6963C_write_char_c
0x0002       [1]    FARG___Lib_FLASH_rwe_ext_eio_FLASH_DoWrite_opCode
0x0002       [4]    FARG_FLASH_Erase_Page_address
0x0002       [2]    FARG_strchr_ptr
0x0002       [2]    FARG_EEPROM_Read_address
0x0002       [1]    FARG_S1D13700_Display_TxtLayer_mode
0x0002       [4]    FARG_FLASH_Read_Byte_address
0x0002       [4]    FARG_FLASH_Read_Bytes_address
0x0002       [2]    FARG_T6963C_box_x0
0x0002       [4]    FARG_FLASH_Write_Page_address
0x0002       [2]    FARG_TFT_Write_Text_Return_Pos_text
0x0002       [1]    FARG___Lib_S1D13700_S1D13700_Set_Overlay_ovl
0x0002       [2]    FARG_T6963C_line_x0
0x0002       [1]    FARG_Glcd_Rectangle_Round_Edges_Fill_x_upper_left
0x0002       [2]    FARG_S1D13700_Init_width
0x0002       [4]    FARG_fabs_d
0x0002       [2]    FARG_T6963C_rectangle_x0
0x0002       [2]    FARG_strcmp_s1
0x0002       [2]    FARG_strspn_str1
0x0002       [2]    FARG_strcat_to
0x0002       [2]    FARG_Soft_UART_Read_error
0x0002       [1]    FARG_S1D13700_TxtFill_d
0x0002       [1]    FARG_Soft_I2C_Write_data_
0x0002       [1]    FARG_S1D13700_Display_GrLayer_mode
0x0002       [2]    FARG_T6963C_write_text_str
0x0002       [2]    FARG_memset_p1
0x0002       [2]    FARG_S1D13700_Dot_x
0x0002       [4]    FARG_TFT_Write_Const_Text_Return_Pos_text
0x0002       [2]    FARG_Soft_I2C_Read_ack
0x0002       [4]    FARG_FLASH_Read_Words_address
0x0002       [2]    FARG_strcpy_to
0x0002       [2]    FARG_T6963C_Circle_x_center
0x0002       [4]    FARG_FLASH_Read_Word_address
0x0002       [4]    FARG_floor_x
0x0002       [2]    FARG_EEPROM_Write_address
0x0002       [4]    FARG_T6963C_Write_Const_Text_str
0x0002       [1]    FARG_Soft_SPI_Read_sdata
0x0002       [1]    FARG_Soft_SPI_Write_sdata
0x0002       [1]    FARG_iscntrl_character
0x0002       [2]    FARG_S1D13700_Write_Text_Adv_text
0x0002       [1]    FARG_isdigit_character
0x0002       [2]    FARG_Ow_Reset_port
0x0002       [4]    FARG_UART1_Init_Advanced_bps
0x0002       [1]    FARG_Manchester_Out_BitValue
0x0002       [4]    FARG_ldexp_value
0x0002       [1]    FARG_UART1_Write_data_
0x0002       [1]    FARG_Man_Send_tr_data
0x0002       [1]    FARG_isgraph_character
0x0002       [2]    FARG_Ow_Write_port
0x0002       [4]    FARG_S1D13700_Ext_Image_pic
0x0002       [2]    FARG_Glcd_Ext_PartialImage_x_left
0x0002       [1]    FARG_ispunct_character
0x0002       [1]    FARG_isalnum_character
0x0002       [2]    FARG_Ow_Read_port
0x0002       [1]    FARG_isspace_character
0x0002       [4]    FARG_S1D13700_Write_Const_Text_Adv_text
0x0002       [1]    FARG_S1D13700_Write_Char_Adv_ch
0x0002       [4]    FARG_S1D13700_Write_Const_Text_Return_Pos_text
0x0002       [2]    FARG_UART2_Write_Text_uart_text
0x0002       [2]    FARG_S1D13700_Rectangle_x0
0x0002       [1]    FARG_UART2_Write_data_
0x0002       [1]    FARG_isupper_character
0x0002       [2]    FARG_UART_Set_Active_read_ptr
0x0002       [4]    FARG___Lib_CMath_eval_poly_x
0x0002       [2]    FARG_UART2_Read_Text_Output
0x0002       [1]    FARG_islower_character
0x0002       [2]    FARG_UART1_Read_Text_Output
0x0002       [2]    FARG___Lib_S1D13700__S1D13700_Get_Char_WidthE_ch
0x0002       [2]    FARG_UART1_Write_Text_uart_text
0x0002       [2]    FARG___Lib_S1D13700__S1D13700_Get_Char_Width_ch
0x0002       [1]    FARG_isalpha_character
0x0002       [4]    FARG_UART2_Init_Advanced_bps
0x0002       [2]    FARG_Man_Receive_error
0x0002       [2]    FARG_Glcd_Circle_Fill_x_center
0x0002       [2]    FARG_min_a
0x0002       [2]    FARG_srand_x
0x0002       [1]    FARG_SPI1_Write_data_out
0x0002       [1]    FARG_Lcd_Out_row
0x0002       [2]    FARG_xtoi_s
0x0002       [1]    FARG_SPI1_Read_data_out
0x0002       [2]    FARG_S1D13700_V_Line_y_start
0x0002       [1]    FARG_S1D13700_Set_Cursor_width
0x0002       [2]    FARG_SPI_Set_Active_read_ptr
0x0002       [2]    FARG_strncat_to
0x0002       [2]    FARG_Ps2_Key_Read_value
0x0002       [2]    FARG_Sound_Init_port
0x0002       [1]    FARG_SPI1_Init_Advanced_mode
0x0002       [2]    FARG_Sound_Play_freq_in_hz
0x0002       [4]    FARG_ceil_x
0x0002       [2]    FARG_memchr_p
0x0002       [2]    FARG_S1D13700_H_Line_x_start
0x0002       [2]    FARG_T6963C_setPtr_p
0x0002       [2]    FARG_S1D13700_Set_Ext_Buffer_getExtDataPtr
0x0002       [1]    FARG_Lcd_Chr_row
0x0002       [4]    FARG_TWI_SetTimeoutCallback_timeout
0x0002       [4]    FARG_frexp_value
0x0002       [2]    FARG_T6963C_dot_x
0x0002       [2]    FARG___Lib_PS2_Get_Hex_ddata
0x0002       [1]    FARG_TWI_Write_data_
0x0002       [2]    FARG_Glcd_Write_Text_Adv_text
0x0002       [1]    FARG_isxdigit_character
0x0002       [1]    FARG_TWI_Read_ack
0x0002       [1]    FARG_tolower_character
0x0002       [2]    FARG_S1D13700_Ext_PartialImage_x_left
0x0002       [2]    FARG_strncpy_to
0x0002       [1]    FARG___Lib_PS2_Ps2_Get_Value_raw
0x0002       [1]    FARG_SPI_Read_buffer
0x0002       [1]    FARG_SPI_Write_data_out
0x0002       [4]    FARG_TFT_Write_Const_Text_text
0x0002       [4]    FARG_Glcd_Image_image
0x0002       [1]    FARG_Glcd_Rectangle_x_upper_left
0x0002       [1]    FARG_toupper_character
0x0003       [1]    FARG_S1D13700_Set_Cursor_height
0x0003       [1]    FARG_Glcd_Rectangle_y_upper_left
0x0003       [1]    FARG_SPI_T6963C_set_cursor_y
0x0003       [1]    FARG_Glcd_Dot_y_pos
0x0003       [1]    FARG_SPI_T6963C_write_char_x
0x0003       [2]    FARG_SPI_T6963C_fill_start
0x0003       [1]    FARG_Glcd_V_Line_y_end
0x0003       [1]    FARG_SPI_T6963C_sprite_py
0x0003       [1]    FARG_Glcd_H_Line_x_end
0x0003       [1]    FARG_SPI_Glcd_Rectangle_Round_Edges_Fill_y_upper_left
0x0003       [1]    FARG_SPI_Glcd_Rectangle_y_upper_left
0x0003       [1]    FARG_SPI_Glcd_Box_y_upper_left
0x0003       [1]    FARG_Glcd_Rectangle_Round_Edges_Fill_y_upper_left
0x0003       [1]    FARG_Glcd_Write_Char_x_pos
0x0003       [1]    FARG_Glcd_Rectangle_Round_Edges_y_upper_left
0x0003       [1]    FARG_SPI_Glcd_Rectangle_Round_Edges_y_upper_left
0x0003       [1]    FARG_Glcd_Box_y_upper_left
0x0003       [2]    FARG_S1D13700_Fill_start
0x0003       [2]    FARG_SPI_Glcd_Write_Char_Adv_x
0x0003       [1]    FARG_T6963C_sprite_py
0x0003       [2]    FARG_Expander_Set_DirectionPortAB_Direction
0x0003       [1]    FARG_Expander_Set_PullUpsPortA_Data_
0x0003       [1]    FARG_Expander_Set_DirectionPortB_Data_
0x0003       [1]    FARG_Expander_Write_PortB_Data_
0x0003       [2]    FARG_Expander_Write_PortAB_Data_
0x0003       [1]    FARG_Expander_Set_DirectionPortA_Data_
0x0003       [1]    R3
0x0003       [4]    FARG___Lib_CANSPI_CANSPIIDToRegs_val
0x0003       [1]    FARG_CANSPISetOperationMode_WAIT
0x0003       [1]    FARG_CANSPISetBaudRate_BRP
0x0003       [2]    FARG_S1D13700_Write_Char_x
0x0003       [1]    FARG_Expander_Set_PullUpsPortB_Data_
0x0003       [2]    FARG_Expander_Set_PullUpsPortAB_PullUps
0x0003       [1]    FARG_SPI_Lcd8_Chr_column
0x0003       [2]    FARG_S1D13700_Write_Char_Adv_x
0x0003       [1]    FARG_Lcd_Chr_column
0x0003       [2]    FARG_T6963C_Write_Char_Adv_x
0x0003       [1]    FARG_SPI_Lcd_Out_column
0x0003       [2]    FARG_TFT_Set_Brush_brush_color
0x0003       [1]    FARG_TFT_RGBToColor16bit_rgb_green
0x0003       [1]    FARG_Lcd_Out_column
0x0003       [1]    FARG_SPI1_Init_Advanced_fcy_div
0x0003       [2]    FARG_T6963C_fill_start
0x0003       [1]    FARG_Expander_Write_Byte_RegAddress
0x0003       [1]    FARG_Expander_Write_PortA_Data_
0x0003       [1]    FARG_Expander_Read_Byte_RegAddress
0x0003       [1]    FARG_SPI_Lcd_Chr_Column
0x0003       [4]    FARG___Lib_Mmc_Mmc_Send_Command_content
0x0003       [2]    FARG_Glcd_Write_Char_Adv_x
0x0003       [1]    FARG_SPI_Glcd_V_Line_y_end
0x0003       [1]    FARG_SPI_Lcd8_Out_column
0x0003       [2]    FARG_ShortToStr_output
0x0003       [1]    FARG_T6963C_write_char_x
0x0003       [2]    FARG_ShortToHex_output
0x0003       [2]    FARG_SPI_T6963C_Write_Char_Adv_x
0x0003       [1]    FARG_SPI_Glcd_Dot_y_pos
0x0003       [1]    FARG_SPI_Glcd_H_Line_x_end
0x0003       [2]    FARG_ByteToStr_output
0x0003       [1]    FARG___Lib_CANSPI_RegsToCANSPIID_CANSPI_CONFIG_FLAGS
0x0003       [1]    FARG_PWM16bit_Init_prescaler
0x0003       [4]    FARG_CANSPISetFilter_val
0x0003       [2]    FARG_ByteToHex_output
0x0003       [4]    FARG_CANSPISetMask_val
0x0003       [1]    FARG_CANSPIInitialize_BRP
0x0003       [1]    FARG_SPI_Glcd_Write_Char_x_pos
0x0003       [1]    FARG_T6963C_set_cursor_y
0x0004       [2]    FARG_strcmp_s2
0x0004       [2]    FARG_Glcd_Ext_PartialImage_y_top
0x0004       [2]    FARG_strcspn_s2
0x0004       [1]    FARG_memchr_n
0x0004       [2]    FARG___Lib_TFT_TFT_PartialImage4bppE_top
0x0004       [2]    FARG___Lib_TFT_TFT_PartialImage8bppE_top
0x0004       [1]    FARG_Lcd_Chr_out_char
0x0004       [2]    FARG_strncat_from
0x0004       [2]    FARG_strcpy_from
0x0004       [1]    FARG_memset_character
0x0004       [1]    FARG_SPI_T6963C_write_text_x
0x0004       [2]    FARG_SPI_Lcd8_Out_text
0x0004       [1]    FARG_SPI_Lcd8_Chr_out_char
0x0004       [2]    FARG_memmove_from
0x0004       [1]    FARG_Glcd_Rectangle_Round_Edges_Fill_x_bottom_right
0x0004       [2]    FARG_strspn_str2
0x0004       [1]    FARG_SPI_T6963C_write_char_y
0x0004       [2]    FARG_strncpy_from
0x0004       [2]    FARG_memcmp_s2
0x0004       [2]    FARG_strcat_from
0x0004       [2]    FARG_memcpy_s1
0x0004       [1]    FARG_strchr_chr
0x0004       [2]    FARG_strncmp_s2
0x0004       [2]    FARG_TFT_Ext_Image_top
0x0004       [2]    FARG_Glcd_Write_Text_Return_Pos_x
0x0004       [2]    FARG_SPI_Glcd_Write_Text_Adv_x
0x0004       [2]    FARG_strtok_s2
0x0004       [2]    FARG___Lib_TFT_TFT_Image1bppE_top
0x0004       [2]    FARG_SPI_T6963C_line_y0
0x0004       [2]    FARG_TP_Set_Calibration_Consts_x_max
0x0004       [2]    FARG_strstr_s2
0x0004       [1]    FARG_strrchr_chr
0x0004       [2]    FARG___Lib_CStdlib_strtod_res
0x0004       [1]    FARG_SPI_T6963C_setPtr_c
0x0004       [2]    FARG_SPI_T6963C_dot_y
0x0004       [2]    FARG_SPI_Glcd_Ext_PartialImage_y_top
0x0004       [2]    FARG___Lib_Glcd_Glcd_Move_Cursor__y
0x0004       [2]    FARG_strpbrk_s2
0x0004       [1]    FARG_RS485Master_Send_datalen
0x0004       [1]    FARG_SPI_Lcd_Chr_Out_Char
0x0004       [2]    FARG_min_b
0x0004       [2]    FARG_VDelay_Advanced_ms_Current_Fosc_kHz
0x0004       [2]    FARG_SPI_Glcd_Write_Text_Return_Pos_x
0x0004       [2]    FARG_Glcd_Write_Text_Adv_x
0x0004       [2]    FARG_Lcd_Out_text
0x0004       [2]    FARG___Lib_SPIGlcd_SPI_Glcd_Move_Cursor__y
0x0004       [2]    FARG_SPI_Lcd_Out_text
0x0004       [2]    FARG_TFT_Ext_Partial_Image_top
0x0004       [2]    FARG___Lib_TFT_TFT_PartialImage16bppE_top
0x0004       [1]    FARG_RS485Slave_Send_datalen
0x0004       [2]    FARG_div_denom
0x0004       [2]    FARG___Lib_TFT_TFT_PartialImage1bppE_top
0x0004       [2]    FARG_max_b
0x0004       [2]    FARG_SPI_T6963C_sprite_pic
0x0004       [2]    FARG_Glcd_PartialImage_y_top
0x0004       [2]    FARG_T6963C_Write_Text_Return_Pos_x
0x0004       [1]    FARG_Ow_Reset_pin
0x0004       [2]    FARG___Lib_T6963C_T6963C_Move_Cursor__y
0x0004       [1]    FARG_Ow_Read_pin
0x0004       [2]    FARG_S1D13700_Write_Text_Adv_x
0x0004       [2]    FARG_T6963C_Write_Text_Adv_x
0x0004       [4]    FARG___Lib_TFT_JPEG_FileReadBytes_cnt
0x0004       [2]    FARG_TFT_Partial_Image_top
0x0004       [2]    FARG_UART1_Read_Text_Delimiter
0x0004       [1]    FARG_Ow_Write_pin
0x0004       [2]    FARG_SPI_Set_Active_write_ptr
0x0004       [2]    FARG___Lib_TFT_TFT_PartialImage1bpp_top
0x0004       [2]    FARG_TFT_Rectangle_Round_Edges_y_upper_left
0x0004       [1]    FARG_TFT_RGBToColor16bit_rgb_blue
0x0004       [2]    FARG_S1D13700_Ext_PartialImage_y_top
0x0004       [2]    FARG___Lib_TFT_TFT_PartialImage16bpp_top
0x0004       [2]    FARG_TFT_Rectangle_y_upper_left
0x0004       [1]    FARG_TFT_Set_Pen_pen_width
0x0004       [2]    FARG_TFT_Set_Active_Write_Command_Ptr
0x0004       [2]    FARG_UART2_Read_Text_Delimiter
0x0004       [1]    R4
0x0004       [2]    FARG_Time_dateDiff_t2
0x0004       [1]    FARG_Button_pin
0x0004       [2]    FARG_TP_Get_Coordinates_y_coordinate
0x0004       [2]    FARG_TP_Init_display_height
0x0004       [1]    FARG_CANSPISetBaudRate_PHSEG1
0x0004       [2]    FARG_IntToStrWithZeros_output
0x0004       [2]    FARG_S1D13700_Write_Text_x
0x0004       [2]    FARG___Lib_TFT_JPEG_InverseDCT_quantptr
0x0004       [1]    FARG_Expander_Write_Byte_Data_
0x0004       [2]    FARG_TFT_Circle_y_center
0x0004       [1]    FARG___Lib_TFT_JPEG_FileRead_read_size
0x0004       [2]    FARG_UART_Set_Active_write_ptr
0x0004       [2]    FARG_S1D13700_Write_Text_Return_Pos_x
0x0004       [2]    FARG___Lib_S1D13700_S1D13700_Move_Cursor__y
0x0004       [1]    FARG_Expander_Init_Advanced_rstPin
0x0004       [2]    FARG_TP_Get_Calibration_Consts_x_max
0x0004       [2]    FARG_T6963C_Ext_PartialImage_y_top
0x0004       [2]    FARG_UART_Read_Text_Delimiter
0x0004       [2]    FARG_Ps2_Key_Read_special
0x0004       [2]    FARG___Lib_TFT_TFT_Image16bpp_top
0x0004       [2]    FARG_TFT_Write_Text_Return_Pos_x
0x0004       [2]    FARG___Lib_TFT_TFT_PartialImage4bpp_top
0x0004       [2]    FARG_T6963C_rectangle_y0
0x0004       [2]    FARG_T6963C_box_y0
0x0004       [2]    FARG_TFT_Line_y1
0x0004       [2]    FARG_TFT_V_Line_y_end
0x0004       [2]    FARG_T6963C_Circle_y_center
0x0004       [2]    FARG_T6963C_Rectangle_Round_Edges_y_upper_left
0x0004       [1]    FARG_EEPROM_Write_dData
0x0004       [1]    FARG_T6963C_setPtr_c
0x0004       [2]    FARG_TFT_Write_Text_x
0x0004       [2]    FARG_T6963C_dot_y
0x0004       [1]    FARG_Soft_UART_Init_rx_pin
0x0004       [1]    FARG_T6963C_init_height
0x0004       [2]    FARG___Lib_TFT__TFT_Circle_Fill_y_center
0x0004       [2]    FARG_TFT_Write_Char_x
0x0004       [2]    FARG_T6963C_PartialImage_y_top
0x0004       [2]    FARG_T6963C_line_y0
0x0004       [1]    FARG_T6963C_write_text_x
0x0004       [2]    FARG___Lib_TFT_TFT_Image8bpp_top
0x0004       [1]    FARG_PWM16bit_Change_Duty_channel
0x0004       [2]    FARG___Lib_TFT_TFT_Image1bpp_top
0x0004       [2]    FARG_Sound_Play_duration_ms
0x0004       [2]    FARG___Lib_TFT_TFT_Image4bpp_top
0x0004       [1]    FARG_SPI1_Init_Advanced_clock_and_edge
0x0004       [2]    FARG_TFT_Color16bitToRGB_rgb_red
0x0004       [1]    FARG_Sound_Init_pin
0x0004       [2]    FARG___Lib_TFT_TFT_GetCurrentColor_end_color
0x0004       [2]    FARG_TFT_Move_Cursor__y
0x0004       [2]    FARG___Lib_TFT_TFT_PartialImage8bpp_top
0x0004       [2]    FARG_TFT_H_Line_x_end
0x0004       [1]    FARG_T6963C_write_char_y
0x0004       [2]    FARG_T6963C_Rectangle_Round_Edges_Fill_y_upper_left
0x0004       [1]    FARG_PWM16bit_Init_inverted
0x0004       [2]    FARG_TFT_Image_top
0x0004       [2]    FARG_T6963C_Circle_Fill_y_center
0x0004       [2]    FARG_T6963C_sprite_pic
0x0004       [2]    FARG_TFT_Dot_y
0x0004       [1]    FARG_Glcd_Dot_color
0x0004       [2]    FARG_Glcd_Line_y_start
0x0004       [2]    FARG_SPI_T6963C_Circle_Fill_y_center
0x0004       [1]    FARG_SPI_Glcd_Rectangle_Round_Edges_x_bottom_right
0x0004       [1]    FARG_Glcd_H_Line_y_pos
0x0004       [2]    FARG_SPI_T6963C_rectangle_y0
0x0004       [2]    FARG_SPI_T6963C_Rectangle_Round_Edges_Fill_y_upper_left
0x0004       [2]    FARG___Lib_TFT_TFT_Image16bppE_top
0x0004       [2]    FARG_S1D13700_Dot_y
0x0004       [1]    FARG_SPI_Glcd_Rectangle_x_bottom_right
0x0004       [2]    FARG_TP_TFT_Get_Coordinates_y_coordinate
0x0004       [1]    FARG_Glcd_Write_Char_page_num
0x0004       [1]    FARG_SPI_Glcd_Box_x_bottom_right
0x0004       [1]    FARG_Glcd_Write_Text_x_pos
0x0004       [1]    FARG_Glcd_Rectangle_Round_Edges_x_bottom_right
0x0004       [2]    FARG_S1D13700_Box_y0
0x0004       [1]    FARG_SPI_Glcd_Rectangle_Round_Edges_Fill_x_bottom_right
0x0004       [2]    FARG_S1D13700_V_Line_y_end
0x0004       [1]    FARG_Glcd_Rectangle_x_bottom_right
0x0004       [2]    FARG_Glcd_Circle_Fill_y_center
0x0004       [2]    FARG___Lib_TFT_TFT_Image8bppE_top
0x0004       [2]    FARG_SPI_T6963C_PartialImage_y_top
0x0004       [1]    FARG_Glcd_Box_x_bottom_right
0x0004       [1]    FARG_SPI_T6963C_Config_height
0x0004       [2]    FARG_S1D13700_H_Line_x_end
0x0004       [2]    FARG_SPI_T6963C_Rectangle_Round_Edges_y_upper_left
0x0004       [2]    FARG_TP_TFT_Init_display_height
0x0004       [1]    FARG_Glcd_V_Line_x_pos
0x0004       [2]    FARG_S1D13700_Line_y0
0x0004       [2]    FARG_S1D13700_Rectangle_y0
0x0004       [2]    FARG_SPI_Glcd_PartialImage_y_top
0x0004       [2]    FARG_S1D13700_Rectangle_Round_Edges_y_upper_left
0x0004       [2]    FARG_Glcd_Circle_y_center
0x0004       [2]    FARG_S1D13700_Rectangle_Round_Edges_Fill_y_upper_left
0x0004       [2]    FARG_WordToStrWithZeros_output
0x0004       [2]    FARG___Lib_TFT_TFT_Image4bppE_top
0x0004       [1]    FARG_SPI_Glcd_Write_Text_x_pos
0x0004       [2]    FARG_SPI_T6963C_Circle_y_center
0x0004       [2]    FARG_S1D13700_Init_height
0x0004       [2]    FARG_SPI_T6963C_box_y0
0x0004       [2]    FARG_WordToStr_output
0x0004       [2]    FARG_SPI_T6963C_Write_Text_Adv_x
0x0004       [2]    FARG_TP_TFT_Set_Calibration_Consts_x_max
0x0004       [2]    FARG_SPI_T6963C_Ext_PartialImage_y_top
0x0004       [2]    FARG_IntToStr_output
0x0004       [2]    FARG_CANSPIRead_rd_data
0x0004       [1]    FARG_S1D13700_Set_Cursor_mode
0x0004       [2]    FARG___Lib_TFT_JPEG_DrawBlock_top
0x0004       [2]    FARG_S1D13700_PartialImage_y_top
0x0004       [1]    FARG_SPI_Glcd_Write_Char_page_num
0x0004       [1]    FARG_CANSPIInitialize_PHSEG1
0x0004       [2]    FARG___Lib_SPIT6963C_SPI_T6963C_Move_Cursor__y
0x0004       [1]    FARG_SPI_Glcd_H_Line_y_pos
0x0004       [2]    FARG_SPI_T6963C_Write_Text_Return_Pos_x
0x0004       [2]    FARG_WordToHex_output
0x0004       [2]    FARG_S1D13700_Circle_y_center
0x0004       [2]    FARG_SPI_Glcd_Circle_y_center
0x0004       [2]    FARG_SPI_Glcd_Circle_Fill_y_center
0x0004       [1]    FARG_SPI_Glcd_V_Line_x_pos
0x0004       [2]    FARG_TFT_Image_Jpeg_top
0x0004       [2]    FARG_S1D13700_Circle_Fill_y_center
0x0004       [2]    FARG_SPI_Glcd_Line_y_start
0x0004       [1]    FARG_SPI_Glcd_Dot_color
0x0004       [2]    FARG_TP_TFT_Get_Calibration_Consts_x_max
0x0004       [2]    FARG_IntToHex_output
0x0005       [1]    FARG_Glcd_Box_y_bottom_right
0x0005       [1]    FARG_Glcd_Rectangle_Round_Edges_Fill_y_bottom_right
0x0005       [1]    FARG_Glcd_Rectangle_Round_Edges_y_bottom_right
0x0005       [1]    FARG_Soft_UART_Init_tx_pin
0x0005       [1]    FARG_SPI_T6963C_write_text_y
0x0005       [1]    FARG_SPI_T6963C_write_char_mode
0x0005       [1]    FARG_SPI_T6963C_Config_fntW
0x0005       [2]    FARG_Glcd_Write_Char_Adv_y
0x0005       [2]    FARG_SPI_T6963C_Write_Char_Adv_y
0x0005       [1]    FARG_Ow_Write_data_
0x0005       [4]    FARG___Lib_TFT_JPEG_FileRead_cnt
0x0005       [1]    FARG_CANSPIInitialize_PHSEG2
0x0005       [1]    FARG_CANSPISetBaudRate_PHSEG2
0x0005       [1]    FARG_Expander_Init_Advanced_haen
0x0005       [1]    FARG_Button_time_ms
0x0005       [1]    FARG_Glcd_V_Line_color
0x0005       [1]    FARG_Glcd_H_Line_color
0x0005       [1]    FARG_Glcd_Rectangle_y_bottom_right
0x0005       [2]    FARG_PWM16bit_Init_duty
0x0005       [1]    FARG_TFT_Set_Brush_gradient_enabled
0x0005       [1]    FARG_Glcd_Write_Char_color
0x0005       [2]    FARG_SPI_T6963C_fill_len
0x0005       [1]    FARG_Glcd_Write_Text_page_num
0x0005       [1]    FARG_SPI_Glcd_Rectangle_y_bottom_right
0x0005       [1]    R5
0x0005       [1]    FARG_SPI_Glcd_Box_y_bottom_right
0x0005       [2]    FARG_SPI_Glcd_Write_Char_Adv_y
0x0005       [1]    FARG_SPI_Glcd_H_Line_color
0x0005       [1]    FARG_RS485Master_Send_slave_address
0x0005       [2]    FARG_S1D13700_Write_Char_y
0x0005       [1]    FARG_SPI_Glcd_V_Line_color
0x0005       [2]    FARG_T6963C_Write_Char_Adv_y
0x0005       [2]    FARG_T6963C_fill_len
0x0005       [2]    FARG_S1D13700_Fill_len
0x0005       [2]    FARG_S1D13700_Write_Char_Adv_y
0x0005       [1]    FARG_T6963C_write_char_mode
0x0005       [1]    FARG_T6963C_write_text_y
0x0005       [1]    FARG_SPI_Glcd_Rectangle_Round_Edges_Fill_y_bottom_right
0x0005       [1]    FARG_SPI_Glcd_Rectangle_Round_Edges_y_bottom_right
0x0005       [1]    FARG_T6963C_init_fntW
0x0005       [2]    FARG_memset_n
0x0005       [2]    FARG_memchr_v
0x0005       [1]    FARG_SPI_Glcd_Write_Char_color
0x0005       [1]    FARG_SPI_Glcd_Write_Text_page_num
0x0006       [2]    FARG_modf_iptr
0x0006       [1]    FARG_SPI_Glcd_Rectangle_Round_Edges_Fill_round_radius
0x0006       [2]    FARG_TFT_Partial_Image_width
0x0006       [1]    FARG_UART1_Read_Text_Attempts
0x0006       [1]    FARG_Cf_Write_Init_sectcnt
0x0006       [2]    FARG_TP_TFT_Set_Calibration_Consts_y_min
0x0006       [1]    FARG_TP_TFT_Init_readX_ChNo
0x0006       [2]    FARG_LongWordToStr_output
0x0006       [2]    FARG_Glcd_Circle_radius
0x0006       [1]    FARG_CANSPIInitialize_PROPSEG
0x0006       [2]    FARG_S1D13700_PartialImage_width
0x0006       [2]    FARG_SPI_T6963C_Rectangle_Round_Edges_x_bottom_right
0x0006       [2]    FARG_S1D13700_Rectangle_Round_Edges_x_bottom_right
0x0006       [1]    FARG_SPI_Glcd_Rectangle_Round_Edges_round_radius
0x0006       [2]    FARG_S1D13700_Write_Text_Return_Pos_y
0x0006       [1]    FARG_UART2_Read_Text_Attempts
0x0006       [2]    FARG_SPI_T6963C_Write_Const_Text_Adv_x
0x0006       [1]    FARG_Glcd_Write_Const_Text_x_pos
0x0006       [2]    FARG_TFT_Circle_radius
0x0006       [2]    FARG_T6963C_Write_Const_Text_Adv_x
0x0006       [2]    FARG_SPI_T6963C_Rectangle_Round_Edges_Fill_x_bottom_right
0x0006       [1]    FARG_UART2_Init_Advanced_parity
0x0006       [4]    FARG___Lib_TFT_TFT_Image16bppE_image
0x0006       [2]    FARG_Glcd_Line_x_end
0x0006       [2]    FARG_T6963C_Write_Text_Adv_y
0x0006       [2]    FARG_S1D13700_Write_Const_Text_Return_Pos_x
0x0006       [1]    FARG_UART1_Init_Advanced_parity
0x0006       [2]    FARG_TWI_SetTimeoutCallback_TWI_timeout
0x0006       [2]    FARG_SPI_T6963C_PartialImage_width
0x0006       [2]    FARG_TFT_Set_Active_Write_Data_Ptr
0x0006       [2]    FARG_TFT_Rectangle_x_bottom_right
0x0006       [2]    FARG_S1D13700_H_Line_y_pos
0x0006       [1]    FARG_Glcd_Rectangle_color
0x0006       [2]    FARG___Lib_TFT_TFT_PartialImage1bpp_width
0x0006       [1]    FARG_TFT_Set_Brush_gradient_orientation
0x0006       [2]    FARG_S1D13700_Line_x1
0x0006       [2]    FARG___Lib_SPIGlcd__SPI_Glcd_getHeader_count
0x0006       [2]    FARG_S1D13700_Ext_PartialImage_width
0x0006       [2]    FARG_TFT_Set_Font_font_color
0x0006       [1]    FARG_SPI_T6963C_Config_DeviceAddress
0x0006       [2]    FARG_SPI_Glcd_PartialImage_width
0x0006       [2]    FARG_S1D13700_Write_Text_Adv_y
0x0006       [2]    FARG_Glcd_Circle_Fill_radius
0x0006       [2]    FARG_T6963C_Write_Const_Text_Return_Pos_x
0x0006       [2]    FARG___Lib_CMath_eval_poly_d
0x0006       [2]    FARG_S1D13700_Rectangle_x1
0x0006       [2]    FARG_T6963C_Write_Text_Return_Pos_y
0x0006       [2]    FARG_frexp_eptr
0x0006       [2]    FARG___Lib_TFT_TFT_PartialImage16bpp_width
0x0006       [2]    FARG_S1D13700_V_Line_x_pos
0x0006       [2]    FARG_ldexp_newexp
0x0006       [2]    FARG_S1D13700_Write_Const_Text_Adv_x
0x0006       [4]    FARG___Lib_TFT_TFT_Image8bppE_image
0x0006       [1]    FARG_Glcd_Write_Text_color
0x0006       [4]    FARG_TFT_Image_Jpeg_image
0x0006       [1]    R6
0x0006       [2]    FARG_SPI_Glcd_Circle_radius
0x0006       [2]    FARG_Cf_Write_Sector_buffer
0x0006       [1]    FARG_SPI_Glcd_Set_Font_aFontWidth
0x0006       [2]    FARG_LongWordToHex_output
0x0006       [2]    FARG_FloatToStr_str
0x0006       [2]    FARG_Time_epochToDate_ts
0x0006       [2]    FARG_S1D13700_Write_Text_y
0x0006       [2]    FARG_SPI_Glcd_Circle_Fill_radius
0x0006       [4]    FARG_pow_y
0x0006       [2]    FARG_CANSPIRead_data_len
0x0006       [4]    FARG___Lib_TFT_JPEG_UnscaleValue_n
0x0006       [2]    FARG_SPI_Glcd_Line_x_end
0x0006       [1]    FARG_Cf_Read_Init_sector_count
0x0006       [2]    FARG_SPI_T6963C_Write_Text_Return_Pos_y
0x0006       [2]    FARG_S1D13700_Circle_Fill_radius
0x0006       [2]    FARG_SPI_T6963C_Write_Const_Text_Return_Pos_x
0x0006       [2]    FARG_LongIntToHex_output
0x0006       [1]    FARG_CANSPISetBaudRate_PROPSEG
0x0006       [2]    FARG_Cf_Read_Sector_buffer
0x0006       [2]    FARG_S1D13700_Circle_radius
0x0006       [2]    FARG_CANSPIWrite_wr_data
0x0006       [2]    FARG_LongWordToStrWithZeros_output
0x0006       [2]    FARG_LongToStr_output
0x0006       [2]    FARG_LongIntToStrWithZeros_output
0x0006       [1]    FARG_TP_Init_readX_ChNo
0x0006       [1]    FARG_SPI_Glcd_Rectangle_color
0x0006       [2]    FARG_S1D13700_Box_x1
0x0006       [2]    FARG_SPI_T6963C_Ext_PartialImage_width
0x0006       [2]    FARG_TP_Get_Calibration_Consts_y_min
0x0006       [1]    FARG_UART_Read_Text_Attempts
0x0006       [1]    FARG_SPI_Glcd_Write_Const_Text_x_pos
0x0006       [2]    FARG_SPI_T6963C_Write_Text_Adv_y
0x0006       [1]    FARG_SPI_Glcd_Write_Text_color
0x0006       [2]    FARG_TP_TFT_Get_Calibration_Consts_y_min
0x0006       [2]    FARG_UART_Set_Active_tx_idle_ptr
0x0006       [1]    FARG_SPI_Glcd_Box_color
0x0006       [2]    FARG_SPI_T6963C_Circle_Fill_radius
0x0006       [2]    FARG_T6963C_Ext_PartialImage_width
0x0006       [1]    FARG_S1D13700_Set_Font_Adv_font_color
0x0006       [2]    FARG_SPI_T6963C_Set_Ext_Font_Adv_font_color
0x0006       [4]    FARG_atan2_x
0x0006       [2]    FARG___Lib_TFT__TFT_getHeader_count
0x0006       [2]    FARG_S1D13700_Write_Const_Text_x
0x0006       [2]    FARG___Lib_S1D13700__S1D13700_getHeader_count
0x0006       [2]    FARG_S1D13700_Set_Ext_Font_Adv_font_color
0x0006       [2]    FARG_TFT_Set_Ext_Font_font_color
0x0006       [1]    FARG_Button_active_state
0x0006       [2]    FARG___Lib_SPIT6963C__SPI_T6963C_getHeader_count
0x0006       [1]    FARG_SPI_T6963C_Set_Font_Adv_font_color
0x0006       [2]    FARG_S1D13700_Rectangle_Round_Edges_Fill_x_bottom_right
0x0006       [1]    FARG_Glcd_Set_Font_aFontWidth
0x0006       [1]    FARG_Glcd_Box_color
0x0006       [2]    FARG___Lib_TFT_TFT_PartialImage8bppE_width
0x0006       [2]    FARG_TFT_Write_Const_Text_x
0x0006       [2]    FARG_SPI_T6963C_line_x1
0x0006       [1]    FARG_T6963C_write_text_mode
0x0006       [1]    FARG_T6963C_Write_Const_Text_x
0x0006       [2]    FARG___Lib_Glcd__Glcd_getHeader_count
0x0006       [4]    FARG___Lib_TFT_TFT_Image1bppE_image
0x0006       [1]    FARG_Glcd_Set_Font_Adv_font_color
0x0006       [2]    FARG_TFT_Line_x2
0x0006       [2]    FARG_T6963C_Rectangle_Round_Edges_x_bottom_right
0x0006       [2]    FARG___Lib_TFT_TFT_PartialImage1bppE_width
0x0006       [2]    FARG_SPI_Glcd_Write_Text_Adv_y
0x0006       [2]    FARG_TFT_V_Line_x_pos
0x0006       [2]    FARG_memcmp_n
0x0006       [2]    FARG___Lib_TFT_TFT_PartialImage8bpp_width
0x0006       [2]    FARG_SPI_Glcd_Write_Const_Text_Return_Pos_x
0x0006       [1]    FARG_SPI_T6963C_sprite_sx
0x0006       [2]    FARG_TFT_H_Line_y_pos
0x0006       [2]    FARG_Glcd_PartialImage_width
0x0006       [2]    FARG_Glcd_Write_Text_Adv_y
0x0006       [2]    FARG_T6963C_Rectangle_Round_Edges_Fill_x_bottom_right
0x0006       [4]    FARG_ldiv_denom
0x0006       [2]    FARG_TFT_Write_Const_Text_Return_Pos_x
0x0006       [4]    FARG_uldiv_denom
0x0006       [2]    FARG_TFT_Ext_Partial_Image_width
0x0006       [2]    FARG_SPI_Glcd_Ext_PartialImage_width
0x0006       [2]    FARG_Glcd_Write_Text_Return_Pos_y
0x0006       [2]    FARG_TFT_Write_Char_y
0x0006       [2]    FARG___Lib_TFT_TFT_PartialImage4bpp_width
0x0006       [2]    FARG_TP_Set_Calibration_Consts_y_min
0x0006       [2]    FARG_T6963C_rectangle_x1
0x0006       [2]    FARG_Glcd_Write_Const_Text_Return_Pos_x
0x0006       [2]    FARG_T6963C_PartialImage_width
0x0006       [2]    FARG_T6963C_line_x1
0x0006       [4]    FARG_TFT_Ext_Image_image
0x0006       [1]    FARG_strncmp_len
0x0006       [2]    FARG___Lib_TFT__TFT_Circle_Fill_radius
0x0006       [2]    FARG_T6963C_box_x1
0x0006       [2]    FARG_FLASH_Read_Words_buffer
0x0006       [2]    FARG_SPI_Glcd_Write_Const_Text_Adv_x
0x0006       [2]    FARG_Mmc_Write_Sector_dbuff
0x0006       [2]    FARG_Glcd_Set_Ext_Font_Adv_font_color
0x0006       [2]    FARG_Mmc_Read_Sector_dbuff
0x0006       [1]    FARG_SPI_T6963C_dot_color
0x0006       [2]    FARG_FLASH_Write_Page_dData
0x0006       [2]    FARG_TFT_Write_Text_Return_Pos_y
0x0006       [4]    FARG___Lib_TFT_TFT_Image16bpp_image
0x0006       [2]    FARG___Lib_TFT_TFT_PartialImage16bppE_width
0x0006       [2]    FARG_FLASH_Read_Bytes_buffer
0x0006       [2]    FARG_T6963C_Circle_radius
0x0006       [2]    FARG_Glcd_Write_Const_Text_Adv_x
0x0006       [2]    FARG___Lib_TFT_TFT_GetCurrentColor_distance
0x0006       [1]    FARG_T6963C_dot_color
0x0006       [2]    FARG_SPI_T6963C_Circle_radius
0x0006       [2]    FARG_strncpy_size
0x0006       [2]    FARG_SPI_Glcd_Set_Ext_Font_Adv_font_color
0x0006       [4]    FARG___Lib_TFT_TFT_Image4bppE_image
0x0006       [1]    FARG_SPI_T6963C_Write_Const_Text_x
0x0006       [4]    FARG___Lib_TFT_TFT_Image4bpp_image
0x0006       [2]    FARG___Lib_T6963C__T6963C_getHeader_count
0x0006       [2]    FARG_memmove_n
0x0006       [1]    FARG_T6963C_Set_Font_Adv_font_color
0x0006       [2]    FARG_Ps2_Key_Read_pressed
0x0006       [2]    FARG_T6963C_Set_Ext_Font_Adv_font_color
0x0006       [4]    FARG_Soft_UART_Init_baud_rate
0x0006       [1]    FARG_S1D13700_Dot_color
0x0006       [2]    FARG_TFT_Rectangle_Round_Edges_x_bottom_right
0x0006       [2]    FARG_SPI_T6963C_rectangle_x1
0x0006       [2]    FARG_Glcd_Ext_PartialImage_width
0x0006       [2]    FARG_SPI_T6963C_box_x1
0x0006       [1]    FARG_Glcd_Rectangle_Round_Edges_round_radius
0x0006       [2]    FARG___Lib_TFT_TFT_PartialImage4bppE_width
0x0006       [1]    FARG_SPI_Glcd_Set_Font_Adv_font_color
0x0006       [2]    FARG_TFT_Color16bitToRGB_rgb_green
0x0006       [2]    FARG_strncat_size
0x0006       [1]    FARG_SPI_T6963C_write_text_mode
0x0006       [4]    FARG_TFT_Image_image
0x0006       [2]    FARG_memcpy_n
0x0006       [1]    FARG_T6963C_sprite_sx
0x0006       [4]    FARG___Lib_TFT_TFT_Image1bpp_image
0x0006       [2]    FARG_T6963C_Circle_Fill_radius
0x0006       [2]    FARG_TFT_Write_Text_y
0x0006       [2]    FARG_SPI_Glcd_Write_Text_Return_Pos_y
0x0006       [2]    FARG_TFT_Dot_color
0x0006       [1]    FARG_Glcd_Rectangle_Round_Edges_Fill_round_radius
0x0006       [4]    FARG___Lib_TFT_TFT_Image8bpp_image
0x0007       [2]    FARG_TFT_Set_Brush_gradient_color_from
0x0007       [1]    FARG_S1D13700_Write_Char_mode
0x0007       [1]    FARG___Lib_CANSPI_CANSPIIDToRegs_CANSPI_CONFIG_FLAGS
0x0007       [2]    FARG_PWM16bit_Init_timer
0x0007       [1]    FARG_Glcd_Rectangle_Round_Edges_color
0x0007       [1]    FARG_CANSPISetMask_CANSPI_CONFIG_FLAGS
0x0007       [1]    FARG_SPI_Glcd_Set_Font_Adv_font_orientation
0x0007       [1]    FARG_SPI_Glcd_Write_Const_Text_page_num
0x0007       [1]    FARG_SPI_T6963C_Config_wr
0x0007       [1]    FARG_UART2_Init_Advanced_stop_bits
0x0007       [1]    FARG_CANSPIInitialize_CANSPI_CONFIG_FLAGS
0x0007       [1]    FARG_SPI_T6963C_sprite_sy
0x0007       [1]    FARG_CANSPISetBaudRate_CANSPI_CONFIG_FLAGS
0x0007       [1]    FARG_TP_TFT_Init_readY_ChNo
0x0007       [1]    R7
0x0007       [1]    FARG_T6963C_sprite_sy
0x0007       [1]    FARG_Glcd_Rectangle_Round_Edges_Fill_color
0x0007       [1]    FARG_Glcd_Set_Font_aFontHeight
0x0007       [1]    FARG_Glcd_Write_Const_Text_page_num
0x0007       [1]    FARG_SPI_T6963C_Set_Font_Adv_font_orientation
0x0007       [1]    FARG_Glcd_Set_Font_Adv_font_orientation
0x0007       [1]    FARG_SPI_T6963C_Write_Const_Text_y
0x0007       [1]    FARG_UART1_Init_Advanced_stop_bits
0x0007       [1]    FARG___Lib_Mmc_Mmc_Send_Command_crc
0x0007       [1]    FARG_SPI_Glcd_Set_Font_aFontHeight
0x0007       [1]    FARG_T6963C_Write_Const_Text_y
0x0007       [1]    FARG_SPI_Glcd_Rectangle_Round_Edges_Fill_color
0x0007       [1]    FARG_CANSPISetFilter_CANSPI_CONFIG_FLAGS
0x0007       [1]    FARG_SPI_Glcd_Rectangle_Round_Edges_color
0x0007       [1]    FARG_TP_Init_readY_ChNo
0x0007       [1]    FARG_S1D13700_Set_Font_Adv_font_orientation
0x0007       [1]    FARG_T6963C_Set_Font_Adv_font_orientation
0x0008       [2]    FARG_TFT_Write_Const_Text_y
0x0008       [2]    FARG_T6963C_line_y1
0x0008       [1]    FARG_CANSPIWrite_data_len
0x0008       [2]    FARG_SPI_Glcd_Set_Font_aFontOffs
0x0008       [2]    FARG_SPI_T6963C_Ext_PartialImage_height
0x0008       [2]    FARG_CANSPIRead_CANSPI_RX_MSG_FLAGS
0x0008       [2]    FARG_T6963C_PartialImage_height
0x0008       [1]    FARG_T6963C_Circle_Fill_color
0x0008       [2]    FARG___Lib_TFT_TFT_PartialImage8bpp_height
0x0008       [2]    FARG_TFT_Rectangle_Round_Edges_y_bottom_right
0x0008       [2]    FARG_T6963C_Write_Const_Text_Return_Pos_y
0x0008       [2]    FARG_TFT_Write_Const_Text_Return_Pos_y
0x0008       [2]    FARG_T6963C_Write_Const_Text_Adv_y
0x0008       [2]    FARG_TFT_Partial_Image_height
0x0008       [2]    FARG_S1D13700_Write_Const_Text_Return_Pos_y
0x0008       [2]    FARG___Lib_TFT_TFT_GetCurrentColor_range
0x0008       [2]    FARG_S1D13700_Ext_PartialImage_height
0x0008       [2]    FARG___Lib_TFT_TFT_PartialImage1bpp_height
0x0008       [1]    FARG_T6963C_Set_Ext_Font_Adv_font_orientation
0x0008       [1]    FARG_TFT_Set_Font_font_orientation
0x0008       [2]    FARG___Lib_TFT_TFT_PartialImage16bpp_height
0x0008       [2]    FARG_S1D13700_Write_Const_Text_Adv_y
0x0008       [2]    FARG_TFT_Rectangle_y_bottom_right
0x0008       [2]    FARG_TFT_Color16bitToRGB_rgb_blue
0x0008       [1]    FARG_S1D13700_Write_Text_mode
0x0008       [2]    FARG___Lib_TFT_TFT_PartialImage4bpp_height
0x0008       [2]    FARG_FLASH_Read_Bytes_NoBytes
0x0008       [1]    FARG_T6963C_Circle_color
0x0008       [1]    R8
0x0008       [1]    FARG___Lib_TFT__TFT_Circle_Fill_horizontal
0x0008       [2]    FARG_T6963C_box_y1
0x0008       [2]    FARG_T6963C_rectangle_y1
0x0008       [2]    FARG_S1D13700_Write_Const_Text_y
0x0008       [2]    FARG_T6963C_Rectangle_Round_Edges_y_bottom_right
0x0008       [2]    FARG_FLASH_Read_Words_NoWords
0x0008       [2]    FARG_T6963C_Rectangle_Round_Edges_Fill_y_bottom_right
0x0008       [2]    FARG_T6963C_Ext_PartialImage_height
0x0008       [2]    FARG_TFT_Line_y2
0x0008       [1]    FARG_T6963C_Write_Const_Text_mode
0x0008       [2]    FARG_TP_Get_Calibration_Consts_y_max
0x0008       [1]    FARG_S1D13700_Set_Ext_Font_Adv_font_orientation
0x0008       [2]    FARG_S1D13700_PartialImage_height
0x0008       [1]    FARG_Glcd_Circle_color
0x0008       [2]    FARG___Lib_CMath_eval_poly_n
0x0008       [2]    FARG_S1D13700_Rectangle_y1
0x0008       [2]    FARG_S1D13700_Rectangle_Round_Edges_y_bottom_right
0x0008       [2]    FARG_SPI_T6963C_Rectangle_Round_Edges_y_bottom_right
0x0008       [1]    FARG_S1D13700_H_Line_color
0x0008       [2]    FARG_SPI_T6963C_PartialImage_height
0x0008       [1]    FARG_S1D13700_V_Line_color
0x0008       [2]    FARG_SPI_Glcd_PartialImage_height
0x0008       [1]    FARG_Glcd_Circle_Fill_color
0x0008       [2]    FARG_SPI_T6963C_Rectangle_Round_Edges_Fill_y_bottom_right
0x0008       [1]    FARG_SPI_T6963C_Set_Ext_Font_Adv_font_orientation
0x0008       [2]    FARG_Glcd_Set_Font_aFontOffs
0x0008       [2]    FARG_S1D13700_Rectangle_Round_Edges_Fill_y_bottom_right
0x0008       [1]    FARG_SPI_Glcd_Circle_color
0x0008       [1]    FARG_SPI_Glcd_Circle_Fill_color
0x0008       [1]    FARG_Glcd_Write_Const_Text_color
0x0008       [2]    FARG_Glcd_Line_y_end
0x0008       [1]    FARG_SPI_T6963C_Circle_Fill_color
0x0008       [1]    FARG_TFT_Set_Ext_Font_font_orientation
0x0008       [2]    FARG_S1D13700_Box_y1
0x0008       [1]    FARG_SPI_T6963C_Config_rd
0x0008       [2]    FARG_TP_Set_Calibration_Consts_y_max
0x0008       [2]    FARG___Lib_TFT_TFT_PartialImage16bppE_height
0x0008       [2]    FARG_Glcd_Write_Const_Text_Return_Pos_y
0x0008       [2]    FARG_SPI_Glcd_Write_Const_Text_Adv_y
0x0008       [2]    FARG_SPI_Glcd_Ext_PartialImage_height
0x0008       [2]    FARG___Lib_TFT_TFT_PartialImage4bppE_height
0x0008       [2]    FARG_Glcd_Ext_PartialImage_height
0x0008       [2]    FARG_Glcd_Write_Const_Text_Adv_y
0x0008       [2]    FARG___Lib_TFT_TFT_PartialImage8bppE_height
0x0008       [2]    FARG___Lib_TFT_TFT_PartialImage1bppE_height
0x0008       [1]    FARG_Glcd_Set_Ext_Font_Adv_font_orientation
0x0008       [1]    FARG_SPI_Glcd_Set_Ext_Font_Adv_font_orientation
0x0008       [1]    FARG_SPI_T6963C_Circle_color
0x0008       [2]    FARG_SPI_T6963C_box_y1
0x0008       [2]    FARG_S1D13700_Line_y1
0x0008       [2]    FARG_SPI_T6963C_rectangle_y1
0x0008       [2]    FARG_SPI_Glcd_Write_Const_Text_Return_Pos_y
0x0008       [2]    FARG_SPI_T6963C_line_y1
0x0008       [2]    FARG_Glcd_PartialImage_height
0x0008       [1]    FARG_SPI_T6963C_Write_Const_Text_mode
0x0008       [2]    FARG_TFT_Ext_Partial_Image_height
0x0008       [2]    FARG_SPI_Glcd_Line_y_end
0x0008       [2]    FARG_SPI_T6963C_Write_Const_Text_Adv_y
0x0008       [1]    FARG_S1D13700_Circle_color
0x0008       [2]    FARG_TP_TFT_Set_Calibration_Consts_y_max
0x0008       [1]    FARG_SPI_Glcd_Write_Const_Text_color
0x0008       [2]    FARG_TP_TFT_Get_Calibration_Consts_y_max
0x0008       [2]    FARG_SPI_T6963C_Write_Const_Text_Return_Pos_y
0x0008       [1]    FARG_S1D13700_Circle_Fill_color
0x0009       [1]    R9
0x0009       [1]    FARG_SPI_T6963C_Config_cd
0x0009       [1]    FARG_CANSPIWrite_CANSPI_TX_MSG_FLAGS
0x000A       [1]    R10
0x000B       [1]    R11
0x000C       [1]    R12
0x000D       [1]    R13
0x000E       [1]    R14
0x000F       [1]    R15
0x0010       [1]    R16
0x0011       [1]    R17
0x0012       [1]    R18
0x0013       [1]    R19
0x0014       [1]    R20
0x0015       [1]    R21
0x0016       [1]    R22
0x0017       [1]    R23
0x0018       [2]    FLASH_Read_Words_counter_L0
0x0018       [1]    R24
0x0018       [2]    FLASH_Read_Bytes_counter_L0
0x0019       [1]    R25
0x001A       [2]    X
0x001A       [1]    XL
0x001A       [1]    R26
0x001B       [1]    XH
0x001B       [1]    R27
0x001C       [1]    YL
0x001C       [1]    R28
0x001C       [2]    Y
0x001D       [1]    YH
0x001D       [1]    R29
0x001E       [1]    ZL
0x001E       [1]    R30
0x001E       [2]    Z
0x001F       [1]    ZH
0x001F       [1]    R31
0x0020       [0]    PINF7_bit
0x0020       [0]    PINF1_bit
0x0020       [1]    PINF
0x0020       [0]    PINF0_bit
0x0020       [0]    PINF3_bit
0x0020       [0]    PINF5_bit
0x0020       [0]    PINF4_bit
0x0020       [0]    PINF6_bit
0x0020       [0]    PINF2_bit
0x0021       [0]    PINE3_bit
0x0021       [0]    PINE7_bit
0x0021       [0]    PINE5_bit
0x0021       [0]    PINE6_bit
0x0021       [0]    PINE4_bit
0x0021       [0]    PINE0_bit
0x0021       [0]    PINE1_bit
0x0021       [1]    PINE
0x0021       [0]    PINE2_bit
0x0022       [0]    DDE5_bit
0x0022       [0]    DDE1_bit
0x0022       [1]    DDRE
0x0022       [0]    DDE0_bit
0x0022       [0]    DDE6_bit
0x0022       [0]    DDE7_bit
0x0022       [0]    DDE3_bit
0x0022       [0]    DDE2_bit
0x0022       [0]    DDE4_bit
0x0023       [0]    PORTE5_bit
0x0023       [0]    PORTE6_bit
0x0023       [0]    PORTE7_bit
0x0023       [0]    PORTE1_bit
0x0023       [1]    PORTE
0x0023       [0]    PORTE0_bit
0x0023       [0]    PORTE4_bit
0x0023       [0]    PORTE3_bit
0x0023       [0]    PORTE2_bit
0x0024       [0]    ADCL3_bit
0x0024       [0]    ADCL2_bit
0x0024       [0]    ADCL1_bit
0x0024       [0]    ADCL4_bit
0x0024       [0]    ADCL7_bit
0x0024       [0]    ADCL6_bit
0x0024       [0]    ADCL5_bit
0x0024       [1]    ADCL
0x0024       [0]    ADCL0_bit
0x0025       [0]    ADCH4_bit
0x0025       [0]    ADCH0_bit
0x0025       [0]    ADCH3_bit
0x0025       [1]    ADCH
0x0025       [0]    ADCH5_bit
0x0025       [0]    ADCH6_bit
0x0025       [0]    ADCH7_bit
0x0025       [0]    ADCH1_bit
0x0025       [0]    ADCH2_bit
0x0026       [0]    ADEN_bit
0x0026       [0]    ADPS2_bit
0x0026       [0]    ADIE_bit
0x0026       [0]    ADIF_bit
0x0026       [1]    ADCSRA
0x0026       [0]    ADPS0_bit
0x0026       [0]    ADPS1_bit
0x0026       [0]    ADFR_bit
0x0026       [0]    ADSC_bit
0x0027       [0]    MUX3_bit
0x0027       [0]    MUX2_bit
0x0027       [0]    MUX4_bit
0x0027       [1]    ADMUX
0x0027       [0]    REFS1_bit
0x0027       [0]    MUX0_bit
0x0027       [0]    ADLAR_bit
0x0027       [0]    MUX1_bit
0x0027       [0]    REFS0_bit
0x0028       [0]    ACIC_bit
0x0028       [0]    ACIS1_bit
0x0028       [0]    ACO_bit
0x0028       [0]    ACD_bit
0x0028       [0]    ACBG_bit
0x0028       [0]    ACIE_bit
0x0028       [0]    ACIS0_bit
0x0028       [0]    ACI_bit
0x0028       [1]    ACSR
0x0029       [0]    UBRR3_UBRR0L_bit
0x0029       [0]    UBRR7_UBRR0L_bit
0x0029       [0]    UBRR4_UBRR0L_bit
0x0029       [0]    UBRR5_UBRR0L_bit
0x0029       [0]    UBRR0_UBRR0L_bit
0x0029       [0]    UBRR2_UBRR0L_bit
0x0029       [0]    UBRR1_UBRR0L_bit
0x0029       [0]    UBRR6_UBRR0L_bit
0x0029       [1]    UBRR0L
0x002A       [0]    TXB80_bit
0x002A       [0]    UDRIE0_bit
0x002A       [0]    UCSZ02_bit
0x002A       [0]    RXEN0_bit
0x002A       [1]    UCSR0B
0x002A       [0]    RXB80_bit
0x002A       [0]    TXCIE0_bit
0x002A       [0]    RXCIE0_bit
0x002A       [0]    TXEN0_bit
0x002B       [0]    UPE0_bit
0x002B       [0]    U2X0_bit
0x002B       [1]    UCSR0A
0x002B       [0]    MPCM0_bit
0x002B       [0]    DOR0_bit
0x002B       [0]    TXC0_bit
0x002B       [0]    RXC0_bit
0x002B       [0]    FE0_bit
0x002B       [0]    UDRE0_bit
0x002C       [0]    UDR02_bit
0x002C       [0]    UDR03_bit
0x002C       [0]    UDR01_bit
0x002C       [1]    UDR0
0x002C       [0]    UDR00_bit
0x002C       [0]    UDR06_bit
0x002C       [0]    UDR07_bit
0x002C       [0]    UDR05_bit
0x002C       [0]    UDR04_bit
0x002D       [0]    SPR0_bit
0x002D       [0]    SPR1_bit
0x002D       [0]    SPIE_bit
0x002D       [1]    SPCR
0x002D       [0]    MSTR_bit
0x002D       [0]    DORD_bit
0x002D       [0]    SPE_bit
0x002D       [0]    CPHA_bit
0x002D       [0]    CPOL_bit
0x002E       [0]    SPI2X_bit
0x002E       [1]    SPSR
0x002E       [0]    SPIF_bit
0x002E       [0]    WCOL_bit
0x002F       [0]    SPDR1_bit
0x002F       [0]    SPDR2_bit
0x002F       [1]    SPDR
0x002F       [0]    SPDR0_bit
0x002F       [0]    SPDR3_bit
0x002F       [0]    SPDR6_bit
0x002F       [0]    SPDR7_bit
0x002F       [0]    SPDR4_bit
0x002F       [0]    SPDR5_bit
0x0030       [0]    PIND1_bit
0x0030       [0]    PIND2_bit
0x0030       [1]    PIND
0x0030       [0]    PIND0_bit
0x0030       [0]    PIND3_bit
0x0030       [0]    PIND6_bit
0x0030       [0]    PIND7_bit
0x0030       [0]    PIND4_bit
0x0030       [0]    PIND5_bit
0x0031       [0]    DDD1_bit
0x0031       [0]    DDD2_bit
0x0031       [1]    DDRD
0x0031       [0]    DDD0_bit
0x0031       [0]    DDD3_bit
0x0031       [0]    DDD6_bit
0x0031       [0]    DDD7_bit
0x0031       [0]    DDD4_bit
0x0031       [0]    DDD5_bit
0x0032       [0]    PORTD1_bit
0x0032       [0]    PORTD2_bit
0x0032       [1]    PORTD
0x0032       [0]    PORTD0_bit
0x0032       [0]    PORTD3_bit
0x0032       [0]    PORTD6_bit
0x0032       [0]    PORTD7_bit
0x0032       [0]    PORTD4_bit
0x0032       [0]    PORTD5_bit
0x0033       [0]    PINC1_bit
0x0033       [0]    PINC2_bit
0x0033       [1]    PINC
0x0033       [0]    PINC0_bit
0x0033       [0]    PINC3_bit
0x0033       [0]    PINC6_bit
0x0033       [0]    PINC7_bit
0x0033       [0]    PINC4_bit
0x0033       [0]    PINC5_bit
0x0034       [0]    DDC1_bit
0x0034       [0]    DDC2_bit
0x0034       [1]    DDRC
0x0034       [0]    DDC0_bit
0x0034       [0]    DDC3_bit
0x0034       [0]    DDC6_bit
0x0034       [0]    DDC7_bit
0x0034       [0]    DDC4_bit
0x0034       [0]    DDC5_bit
0x0035       [0]    PORTC1_bit
0x0035       [0]    PORTC2_bit
0x0035       [1]    PORTC
0x0035       [0]    PORTC0_bit
0x0035       [0]    PORTC3_bit
0x0035       [0]    PORTC6_bit
0x0035       [0]    PORTC7_bit
0x0035       [0]    PORTC4_bit
0x0035       [0]    PORTC5_bit
0x0036       [0]    PINB3_bit
0x0036       [0]    PINB2_bit
0x0036       [0]    PINB1_bit
0x0036       [0]    PINB4_bit
0x0036       [0]    PINB7_bit
0x0036       [0]    PINB6_bit
0x0036       [0]    PINB5_bit
0x0036       [1]    PINB
0x0036       [0]    PINB0_bit
0x0037       [0]    DDB1_bit
0x0037       [0]    DDB2_bit
0x0037       [1]    DDRB
0x0037       [0]    DDB0_bit
0x0037       [0]    DDB3_bit
0x0037       [0]    DDB6_bit
0x0037       [0]    DDB7_bit
0x0037       [0]    DDB4_bit
0x0037       [0]    DDB5_bit
0x0038       [0]    PORTB1_bit
0x0038       [0]    PORTB2_bit
0x0038       [1]    PORTB
0x0038       [0]    PORTB0_bit
0x0038       [0]    PORTB3_bit
0x0038       [0]    PORTB6_bit
0x0038       [0]    PORTB7_bit
0x0038       [0]    PORTB4_bit
0x0038       [0]    PORTB5_bit
0x0039       [0]    PINA1_bit
0x0039       [0]    PINA2_bit
0x0039       [1]    PINA
0x0039       [0]    PINA0_bit
0x0039       [0]    PINA3_bit
0x0039       [0]    PINA6_bit
0x0039       [0]    PINA7_bit
0x0039       [0]    PINA4_bit
0x0039       [0]    PINA5_bit
0x003A       [0]    DDA1_bit
0x003A       [0]    DDA2_bit
0x003A       [1]    DDRA
0x003A       [0]    DDA0_bit
0x003A       [0]    DDA3_bit
0x003A       [0]    DDA6_bit
0x003A       [0]    DDA7_bit
0x003A       [0]    DDA4_bit
0x003A       [0]    DDA5_bit
0x003B       [0]    PORTA1_bit
0x003B       [0]    PORTA2_bit
0x003B       [1]    PORTA
0x003B       [0]    PORTA0_bit
0x003B       [0]    PORTA3_bit
0x003B       [0]    PORTA6_bit
0x003B       [0]    PORTA7_bit
0x003B       [0]    PORTA4_bit
0x003B       [0]    PORTA5_bit
0x003C       [0]    EERE_bit
0x003C       [1]    EECR
0x003C       [0]    EEWE_bit
0x003C       [0]    EERIE_bit
0x003C       [0]    EEMWE_bit
0x003D       [0]    EEDR2_bit
0x003D       [0]    EEDR3_bit
0x003D       [0]    EEDR1_bit
0x003D       [1]    EEDR
0x003D       [0]    EEDR0_bit
0x003D       [0]    EEDR4_bit
0x003D       [0]    EEDR7_bit
0x003D       [0]    EEDR6_bit
0x003D       [0]    EEDR5_bit
0x003E       [0]    EEARL2_bit
0x003E       [0]    EEARL3_bit
0x003E       [0]    EEARL1_bit
0x003E       [0]    EEARL0_bit
0x003E       [1]    EEARL
0x003E       [0]    EEARL4_bit
0x003E       [0]    EEARL7_bit
0x003E       [0]    EEARL6_bit
0x003E       [0]    EEARL5_bit
0x003F       [0]    EEAR9_bit
0x003F       [0]    EEAR8_bit
0x003F       [1]    EEARH
0x003F       [0]    EEAR10_bit
0x003F       [0]    EEAR11_bit
0x0040       [0]    PSR321_bit
0x0040       [0]    PSR0_bit
0x0040       [1]    SFIOR
0x0040       [0]    ACME_bit
0x0040       [0]    TSM_bit
0x0040       [0]    PUD_bit
0x0041       [0]    WDP1_bit
0x0041       [0]    WDP2_bit
0x0041       [1]    WDTCR
0x0041       [0]    WDP0_bit
0x0041       [0]    WDCE_bit
0x0041       [0]    WDE_bit
0x0042       [0]    OCDR2_bit
0x0042       [0]    OCDR3_bit
0x0042       [0]    OCDR1_bit
0x0042       [0]    OCDR0_bit
0x0042       [1]    OCDR
0x0042       [0]    OCDR4_bit
0x0042       [0]    OCDR7_bit
0x0042       [0]    OCDR6_bit
0x0042       [0]    OCDR5_bit
0x0043       [0]    OCR2_2_bit
0x0043       [0]    OCR2_3_bit
0x0043       [0]    OCR2_1_bit
0x0043       [1]    OCR2
0x0043       [0]    OCR2_0_bit
0x0043       [0]    OCR2_4_bit
0x0043       [0]    OCR2_7_bit
0x0043       [0]    OCR2_6_bit
0x0043       [0]    OCR2_5_bit
0x0044       [0]    TCNT2_2_bit
0x0044       [0]    TCNT2_3_bit
0x0044       [0]    TCNT2_1_bit
0x0044       [0]    TCNT2_0_bit
0x0044       [1]    TCNT2
0x0044       [0]    TCNT2_4_bit
0x0044       [0]    TCNT2_7_bit
0x0044       [0]    TCNT2_6_bit
0x0044       [0]    TCNT2_5_bit
0x0045       [0]    CS22_bit
0x0045       [0]    WGM21_bit
0x0045       [0]    CS21_bit
0x0045       [1]    TCCR2
0x0045       [0]    CS20_bit
0x0045       [0]    COM20_bit
0x0045       [0]    FOC2_bit
0x0045       [0]    WGM20_bit
0x0045       [0]    COM21_bit
0x0046       [0]    ICR1L2_bit
0x0046       [0]    ICR1L3_bit
0x0046       [0]    ICR1L1_bit
0x0046       [1]    ICR1L
0x0046       [0]    ICR1L0_bit
0x0046       [0]    ICR1L4_bit
0x0046       [0]    ICR1L7_bit
0x0046       [0]    ICR1L6_bit
0x0046       [0]    ICR1L5_bit
0x0047       [0]    ICR1H2_bit
0x0047       [0]    ICR1H3_bit
0x0047       [0]    ICR1H1_bit
0x0047       [1]    ICR1H
0x0047       [0]    ICR1H0_bit
0x0047       [0]    ICR1H4_bit
0x0047       [0]    ICR1H7_bit
0x0047       [0]    ICR1H5_bit
0x0047       [0]    ICR1H6_bit
0x0048       [0]    OCR1BL2_bit
0x0048       [0]    OCR1BL3_bit
0x0048       [0]    OCR1BL1_bit
0x0048       [1]    OCR1BL
0x0048       [0]    OCR1BL0_bit
0x0048       [0]    OCR1BL6_bit
0x0048       [0]    OCR1BL7_bit
0x0048       [0]    OCR1BL4_bit
0x0048       [0]    OCR1BL5_bit
0x0049       [0]    OCR1BH2_bit
0x0049       [0]    OCR1BH3_bit
0x0049       [0]    OCR1BH1_bit
0x0049       [1]    OCR1BH
0x0049       [0]    OCR1BH0_bit
0x0049       [0]    OCR1BH6_bit
0x0049       [0]    OCR1BH7_bit
0x0049       [0]    OCR1BH4_bit
0x0049       [0]    OCR1BH5_bit
0x004A       [0]    OCR1AL2_bit
0x004A       [0]    OCR1AL3_bit
0x004A       [0]    OCR1AL1_bit
0x004A       [1]    OCR1AL
0x004A       [0]    OCR1AL0_bit
0x004A       [0]    OCR1AL6_bit
0x004A       [0]    OCR1AL7_bit
0x004A       [0]    OCR1AL4_bit
0x004A       [0]    OCR1AL5_bit
0x004B       [0]    OCR1AH2_bit
0x004B       [0]    OCR1AH3_bit
0x004B       [0]    OCR1AH1_bit
0x004B       [1]    OCR1AH
0x004B       [0]    OCR1AH0_bit
0x004B       [0]    OCR1AH6_bit
0x004B       [0]    OCR1AH7_bit
0x004B       [0]    OCR1AH4_bit
0x004B       [0]    OCR1AH5_bit
0x004C       [0]    TCNT1L2_bit
0x004C       [0]    TCNT1L3_bit
0x004C       [0]    TCNT1L1_bit
0x004C       [1]    TCNT1L
0x004C       [0]    TCNT1L0_bit
0x004C       [0]    TCNT1L7_bit
0x004C       [0]    TCNT1L6_bit
0x004C       [0]    TCNT1L4_bit
0x004C       [0]    TCNT1L5_bit
0x004D       [0]    TCNT1H1_bit
0x004D       [0]    TCNT1H2_bit
0x004D       [1]    TCNT1H
0x004D       [0]    TCNT1H0_bit
0x004D       [0]    TCNT1H3_bit
0x004D       [0]    TCNT1H6_bit
0x004D       [0]    TCNT1H7_bit
0x004D       [0]    TCNT1H4_bit
0x004D       [0]    TCNT1H5_bit
0x004E       [0]    CS11_bit
0x004E       [0]    CS12_bit
0x004E       [1]    TCCR1B
0x004E       [0]    CS10_bit
0x004E       [0]    ICES1_bit
0x004E       [0]    ICNC1_bit
0x004E       [0]    WGM12_bit
0x004E       [0]    WGM13_bit
0x004F       [0]    WGM11_bit
0x004F       [0]    COM1C0_bit
0x004F       [1]    TCCR1A
0x004F       [0]    WGM10_bit
0x004F       [0]    COM1C1_bit
0x004F       [0]    COM1A0_bit
0x004F       [0]    COM1A1_bit
0x004F       [0]    COM1B0_bit
0x004F       [0]    COM1B1_bit
0x0050       [0]    TCR0UB_bit
0x0050       [1]    ASSR
0x0050       [0]    OCR0UB_bit
0x0050       [0]    AS0_bit
0x0050       [0]    TCN0UB_bit
0x0051       [0]    OCR0_1_bit
0x0051       [0]    OCR0_2_bit
0x0051       [1]    OCR0
0x0051       [0]    OCR0_0_bit
0x0051       [0]    OCR0_3_bit
0x0051       [0]    OCR0_6_bit
0x0051       [0]    OCR0_7_bit
0x0051       [0]    OCR0_4_bit
0x0051       [0]    OCR0_5_bit
0x0052       [0]    TCNT0_1_bit
0x0052       [0]    TCNT0_2_bit
0x0052       [1]    TCNT0
0x0052       [0]    TCNT0_0_bit
0x0052       [0]    TCNT0_3_bit
0x0052       [0]    TCNT0_6_bit
0x0052       [0]    TCNT0_7_bit
0x0052       [0]    TCNT0_4_bit
0x0052       [0]    TCNT0_5_bit
0x0053       [0]    CS01_bit
0x0053       [0]    CS02_bit
0x0053       [1]    TCCR0
0x0053       [0]    CS00_bit
0x0053       [0]    WGM01_bit
0x0053       [0]    WGM00_bit
0x0053       [0]    FOC0_bit
0x0053       [0]    COM00_bit
0x0053       [0]    COM01_bit
0x0054       [0]    EXTRF_bit
0x0054       [0]    PORF_bit
0x0054       [1]    MCUCSR
0x0054       [0]    BORF_bit
0x0054       [0]    JTD_bit
0x0054       [0]    JTRF_bit
0x0054       [0]    WDRF_bit
0x0055       [0]    IVSEL_bit
0x0055       [0]    SM2_bit
0x0055       [1]    MCUCR
0x0055       [0]    IVCE_bit
0x0055       [0]    SM0_bit
0x0055       [0]    SRW10_bit
0x0055       [0]    SRE_bit
0x0055       [0]    SM1_bit
0x0055       [0]    SE_bit
0x0056       [0]    OCF0_bit
0x0056       [0]    TOV1_bit
0x0056       [1]    TIFR
0x0056       [0]    TOV0_bit
0x0056       [0]    OCF1B_bit
0x0056       [0]    TOV2_bit
0x0056       [0]    OCF2_bit
0x0056       [0]    OCF1A_bit
0x0056       [0]    ICF1_bit
0x0057       [0]    OCIE0_bit
0x0057       [0]    TOIE1_bit
0x0057       [1]    TIMSK
0x0057       [0]    TOIE0_bit
0x0057       [0]    OCIE1B_bit
0x0057       [0]    TOIE2_bit
0x0057       [0]    OCIE2_bit
0x0057       [0]    OCIE1A_bit
0x0057       [0]    TICIE1_bit
0x0058       [0]    INTF1_bit
0x0058       [0]    INTF2_bit
0x0058       [1]    EIFR
0x0058       [0]    INTF0_bit
0x0058       [0]    INTF3_bit
0x0058       [0]    INTF6_bit
0x0058       [0]    INTF7_bit
0x0058       [0]    INTF4_bit
0x0058       [0]    INTF5_bit
0x0059       [0]    INT1_bit
0x0059       [0]    INT2_bit
0x0059       [1]    EIMSK
0x0059       [0]    INT0_bit
0x0059       [0]    INT3_bit
0x0059       [0]    INT6_bit
0x0059       [0]    INT7_bit
0x0059       [0]    INT4_bit
0x0059       [0]    INT5_bit
0x005A       [0]    ISC41_bit
0x005A       [0]    ISC50_bit
0x005A       [1]    EICRB
0x005A       [0]    ISC40_bit
0x005A       [0]    ISC51_bit
0x005A       [0]    ISC70_bit
0x005A       [0]    ISC71_bit
0x005A       [0]    ISC60_bit
0x005A       [0]    ISC61_bit
0x005B       [0]    RAMPZ0_bit
0x005B       [1]    RAMPZ
0x005C       [0]    XDIV5_bit
0x005C       [0]    XDIV4_bit
0x005C       [0]    XDIV6_bit
0x005C       [0]    XDIVEN_bit
0x005C       [0]    XDIV0_bit
0x005C       [1]    XDIV
0x005C       [0]    XDIV1_bit
0x005C       [0]    XDIV3_bit
0x005C       [0]    XDIV2_bit
0x005D       [0]    SP4_bit
0x005D       [0]    SP2_bit
0x005D       [0]    SP7_bit
0x005D       [0]    SP1_bit
0x005D       [0]    SP0_bit
0x005D       [0]    SP3_bit
0x005D       [1]    SPL
0x005D       [0]    SP6_bit
0x005D       [0]    SP5_bit
0x005E       [0]    SP12_bit
0x005E       [0]    SP13_bit
0x005E       [0]    SP14_bit
0x005E       [1]    SPH
0x005E       [0]    SP11_bit
0x005E       [0]    SP8_bit
0x005E       [0]    SP10_bit
0x005E       [0]    SP9_bit
0x005E       [0]    SP15_bit
0x005F       [0]    SREG_I_bit
0x005F       [0]    SREG_N_bit
0x005F       [0]    SREG_V_bit
0x005F       [0]    SREG_S_bit
0x005F       [0]    SREG_C_bit
0x005F       [0]    SREG_Z_bit
0x005F       [1]    SREG
0x005F       [0]    SREG_H_bit
0x005F       [0]    SREG_T_bit
0x0100       [2]    _count
//** Constants locations ** 
//ADDRESS    SIZE    CONSTANT
//----------------------------------------------
0x008C       [2]    ?ICS_count
